<?xml version="1.0" encoding="UTF-8"?>
<testsuite name="sprinboot.domain.posts.PostsRepositoryTest" tests="2" skipped="0" failures="0" errors="0" timestamp="2020-01-03T05:24:32" hostname="DESKTOP-DEDM406" time="0.11">
  <properties/>
  <testcase name="게시글_저장_불러오기" classname="sprinboot.domain.posts.PostsRepositoryTest" time="0.104"/>
  <testcase name="BaseTimeEntity_등록" classname="sprinboot.domain.posts.PostsRepositoryTest" time="0.006"/>
  <system-out><![CDATA[2020-01-03 14:24:31.744  INFO 24776 --- [    Test worker] .b.t.c.SpringBootTestContextBootstrapper : Neither @ContextConfiguration nor @ContextHierarchy found for test class [sprinboot.domain.posts.PostsRepositoryTest], using SpringBootContextLoader
2020-01-03 14:24:31.744  INFO 24776 --- [    Test worker] o.s.t.c.support.AbstractContextLoader    : Could not detect default resource locations for test class [sprinboot.domain.posts.PostsRepositoryTest]: no resource found for suffixes {-context.xml, Context.groovy}.
2020-01-03 14:24:31.744  INFO 24776 --- [    Test worker] t.c.s.AnnotationConfigContextLoaderUtils : Could not detect default configuration classes for test class [sprinboot.domain.posts.PostsRepositoryTest]: PostsRepositoryTest does not declare any static, non-private, non-final, nested classes annotated with @Configuration.
2020-01-03 14:24:31.749  INFO 24776 --- [    Test worker] .b.t.c.SpringBootTestContextBootstrapper : Found @SpringBootConfiguration sprinboot.Application for test class sprinboot.domain.posts.PostsRepositoryTest
2020-01-03 14:24:31.750  INFO 24776 --- [    Test worker] .b.t.c.SpringBootTestContextBootstrapper : Loaded default TestExecutionListener class names from location [META-INF/spring.factories]: [org.springframework.security.test.context.support.WithSecurityContextTestExecutionListener, org.springframework.security.test.context.support.ReactorContextTestExecutionListener, org.springframework.boot.test.autoconfigure.restdocs.RestDocsTestExecutionListener, org.springframework.boot.test.autoconfigure.web.client.MockRestServiceServerResetTestExecutionListener, org.springframework.boot.test.autoconfigure.web.servlet.MockMvcPrintOnlyOnFailureTestExecutionListener, org.springframework.boot.test.autoconfigure.web.servlet.WebDriverTestExecutionListener, org.springframework.boot.test.mock.mockito.MockitoTestExecutionListener, org.springframework.boot.test.mock.mockito.ResetMocksTestExecutionListener, org.springframework.test.context.web.ServletTestExecutionListener, org.springframework.test.context.support.DirtiesContextBeforeModesTestExecutionListener, org.springframework.test.context.support.DependencyInjectionTestExecutionListener, org.springframework.test.context.support.DirtiesContextTestExecutionListener, org.springframework.test.context.transaction.TransactionalTestExecutionListener, org.springframework.test.context.jdbc.SqlScriptsTestExecutionListener]
2020-01-03 14:24:31.751  INFO 24776 --- [    Test worker] .b.t.c.SpringBootTestContextBootstrapper : Using TestExecutionListeners: [org.springframework.test.context.web.ServletTestExecutionListener@7ec99052, org.springframework.test.context.support.DirtiesContextBeforeModesTestExecutionListener@72a525ab, org.springframework.boot.test.mock.mockito.MockitoTestExecutionListener@6b7dc7c3, org.springframework.boot.test.autoconfigure.SpringBootDependencyInjectionTestExecutionListener@7722d3dc, org.springframework.test.context.support.DirtiesContextTestExecutionListener@45db866a, org.springframework.test.context.transaction.TransactionalTestExecutionListener@1e887b07, org.springframework.test.context.jdbc.SqlScriptsTestExecutionListener@1b4ef4ca, org.springframework.security.test.context.support.WithSecurityContextTestExecutionListener@7a13784c, org.springframework.security.test.context.support.ReactorContextTestExecutionListener@636259b2, org.springframework.boot.test.autoconfigure.restdocs.RestDocsTestExecutionListener@3eef469a, org.springframework.boot.test.autoconfigure.web.client.MockRestServiceServerResetTestExecutionListener@526b1d29, org.springframework.boot.test.autoconfigure.web.servlet.MockMvcPrintOnlyOnFailureTestExecutionListener@33dbce30, org.springframework.boot.test.autoconfigure.web.servlet.WebDriverTestExecutionListener@4205be30, org.springframework.boot.test.mock.mockito.ResetMocksTestExecutionListener@61aeb7c]

  .   ____          _            __ _ _
 /\\ / ___'_ __ _ _(_)_ __  __ _ \ \ \ \
( ( )\___ | '_ | '_| | '_ \/ _` | \ \ \ \
 \\/  ___)| |_)| | | | | || (_| |  ) ) ) )
  '  |____| .__|_| |_|_| |_\__, | / / / /
 =========|_|==============|___/=/_/_/_/
 :: Spring Boot ::        (v2.1.7.RELEASE)

2020-01-03 14:24:31.772  INFO 24776 --- [    Test worker] s.domain.posts.PostsRepositoryTest       : Starting PostsRepositoryTest on DESKTOP-DEDM406 with PID 24776 (started by count in F:\Downloads\com.tistory.irerin07)
2020-01-03 14:24:31.773  INFO 24776 --- [    Test worker] s.domain.posts.PostsRepositoryTest       : No active profile set, falling back to default profiles: default
2020-01-03 14:24:31.914  INFO 24776 --- [    Test worker] .s.d.r.c.RepositoryConfigurationDelegate : Bootstrapping Spring Data repositories in DEFAULT mode.
2020-01-03 14:24:31.927  INFO 24776 --- [    Test worker] .s.d.r.c.RepositoryConfigurationDelegate : Finished Spring Data repository scanning in 13ms. Found 2 repository interfaces.
2020-01-03 14:24:31.998  INFO 24776 --- [    Test worker] trationDelegate$BeanPostProcessorChecker : Bean 'org.springframework.transaction.annotation.ProxyTransactionManagementConfiguration' of type [org.springframework.transaction.annotation.ProxyTransactionManagementConfiguration$$EnhancerBySpringCGLIB$$21bffdac] is not eligible for getting processed by all BeanPostProcessors (for example: not eligible for auto-proxying)
2020-01-03 14:24:32.049  INFO 24776 --- [    Test worker] com.zaxxer.hikari.HikariDataSource       : HikariPool-2 - Starting...
2020-01-03 14:24:32.050  INFO 24776 --- [    Test worker] com.zaxxer.hikari.HikariDataSource       : HikariPool-2 - Start completed.
2020-01-03 14:24:32.063  INFO 24776 --- [    Test worker] o.hibernate.jpa.internal.util.LogHelper  : HHH000204: Processing PersistenceUnitInfo [
	name: default
	...]
2020-01-03 14:24:32.067  INFO 24776 --- [    Test worker] org.hibernate.dialect.Dialect            : HHH000400: Using dialect: org.hibernate.dialect.MySQL5InnoDBDialect
2020-01-03 14:24:32.099  INFO 24776 --- [    Test worker] o.h.t.schema.internal.SchemaCreatorImpl  : HHH000476: Executing import script 'org.hibernate.tool.schema.internal.exec.ScriptSourceInputNonExistentImpl@6057203'
2020-01-03 14:24:32.099  INFO 24776 --- [    Test worker] j.LocalContainerEntityManagerFactoryBean : Initialized JPA EntityManagerFactory for persistence unit 'default'
2020-01-03 14:24:32.209  INFO 24776 --- [    Test worker] o.h.h.i.QueryTranslatorFactoryInitiator  : HHH000397: Using ASTQueryTranslatorFactory
2020-01-03 14:24:32.293  INFO 24776 --- [    Test worker] o.s.s.web.DefaultSecurityFilterChain     : Creating filter chain: any request, [org.springframework.security.web.context.request.async.WebAsyncManagerIntegrationFilter@5da9b655, org.springframework.security.web.context.SecurityContextPersistenceFilter@3de8b71a, org.springframework.security.web.header.HeaderWriterFilter@7c1ed6fd, org.springframework.security.web.authentication.logout.LogoutFilter@4107f840, org.springframework.security.oauth2.client.web.OAuth2AuthorizationRequestRedirectFilter@6a5bf51e, org.springframework.security.oauth2.client.web.OAuth2LoginAuthenticationFilter@45a623f2, org.springframework.security.web.authentication.ui.DefaultLoginPageGeneratingFilter@39afc808, org.springframework.security.web.authentication.ui.DefaultLogoutPageGeneratingFilter@5df01df0, org.springframework.security.web.savedrequest.RequestCacheAwareFilter@5444fc5a, org.springframework.security.web.servletapi.SecurityContextHolderAwareRequestFilter@5ee77111, org.springframework.security.web.authentication.AnonymousAuthenticationFilter@6836e055, org.springframework.security.web.session.SessionManagementFilter@6dc14dc8, org.springframework.security.web.access.ExceptionTranslationFilter@1c0eb964, org.springframework.security.web.access.intercept.FilterSecurityInterceptor@35d6b1e9]
2020-01-03 14:24:32.483  INFO 24776 --- [    Test worker] o.s.s.concurrent.ThreadPoolTaskExecutor  : Initializing ExecutorService 'applicationTaskExecutor'
2020-01-03 14:24:32.491  WARN 24776 --- [    Test worker] aWebConfiguration$JpaWebMvcConfiguration : spring.jpa.open-in-view is enabled by default. Therefore, database queries may be performed during view rendering. Explicitly configure spring.jpa.open-in-view to disable this warning
2020-01-03 14:24:32.510  INFO 24776 --- [    Test worker] o.s.b.a.w.s.WelcomePageHandlerMapping    : Adding welcome page template: index
2020-01-03 14:24:32.730  INFO 24776 --- [    Test worker] s.a.ScheduledAnnotationBeanPostProcessor : No TaskScheduler/ScheduledExecutorService bean found for scheduled processing
2020-01-03 14:24:32.730  INFO 24776 --- [    Test worker] s.domain.posts.PostsRepositoryTest       : Started PostsRepositoryTest in 0.974 seconds (JVM running for 6.605)
>>>>>>>>> createDate=2020-01-03T14:24:32.842, modifiedDate=2020-01-03T14:24:32.842
]]></system-out>
  <system-err><![CDATA[]]></system-err>
</testsuite>
