<?xml version="1.0" encoding="UTF-8"?>
<testsuite name="sprinboot.web.PostsApiControllerTest" tests="2" skipped="0" failures="0" errors="0" timestamp="2020-01-03T05:24:33" hostname="DESKTOP-DEDM406" time="0.062">
  <properties/>
  <testcase name="Posts_등록된다" classname="sprinboot.web.PostsApiControllerTest" time="0.041"/>
  <testcase name="Posts_수정된다" classname="sprinboot.web.PostsApiControllerTest" time="0.02"/>
  <system-out><![CDATA[2020-01-03 14:24:33.445  INFO 24776 --- [    Test worker] .b.t.c.SpringBootTestContextBootstrapper : Neither @ContextConfiguration nor @ContextHierarchy found for test class [sprinboot.web.PostsApiControllerTest], using SpringBootContextLoader
2020-01-03 14:24:33.445  INFO 24776 --- [    Test worker] o.s.t.c.support.AbstractContextLoader    : Could not detect default resource locations for test class [sprinboot.web.PostsApiControllerTest]: no resource found for suffixes {-context.xml, Context.groovy}.
2020-01-03 14:24:33.445  INFO 24776 --- [    Test worker] t.c.s.AnnotationConfigContextLoaderUtils : Could not detect default configuration classes for test class [sprinboot.web.PostsApiControllerTest]: PostsApiControllerTest does not declare any static, non-private, non-final, nested classes annotated with @Configuration.
2020-01-03 14:24:33.446  INFO 24776 --- [    Test worker] .b.t.c.SpringBootTestContextBootstrapper : Found @SpringBootConfiguration sprinboot.Application for test class sprinboot.web.PostsApiControllerTest
2020-01-03 14:24:33.447  INFO 24776 --- [    Test worker] .b.t.c.SpringBootTestContextBootstrapper : Loaded default TestExecutionListener class names from location [META-INF/spring.factories]: [org.springframework.security.test.context.support.WithSecurityContextTestExecutionListener, org.springframework.security.test.context.support.ReactorContextTestExecutionListener, org.springframework.boot.test.autoconfigure.restdocs.RestDocsTestExecutionListener, org.springframework.boot.test.autoconfigure.web.client.MockRestServiceServerResetTestExecutionListener, org.springframework.boot.test.autoconfigure.web.servlet.MockMvcPrintOnlyOnFailureTestExecutionListener, org.springframework.boot.test.autoconfigure.web.servlet.WebDriverTestExecutionListener, org.springframework.boot.test.mock.mockito.MockitoTestExecutionListener, org.springframework.boot.test.mock.mockito.ResetMocksTestExecutionListener, org.springframework.test.context.web.ServletTestExecutionListener, org.springframework.test.context.support.DirtiesContextBeforeModesTestExecutionListener, org.springframework.test.context.support.DependencyInjectionTestExecutionListener, org.springframework.test.context.support.DirtiesContextTestExecutionListener, org.springframework.test.context.transaction.TransactionalTestExecutionListener, org.springframework.test.context.jdbc.SqlScriptsTestExecutionListener]
2020-01-03 14:24:33.447  INFO 24776 --- [    Test worker] .b.t.c.SpringBootTestContextBootstrapper : Using TestExecutionListeners: [org.springframework.test.context.web.ServletTestExecutionListener@2b6e2cd7, org.springframework.test.context.support.DirtiesContextBeforeModesTestExecutionListener@15eaf73a, org.springframework.boot.test.mock.mockito.MockitoTestExecutionListener@6808f47c, org.springframework.boot.test.autoconfigure.SpringBootDependencyInjectionTestExecutionListener@5ff1f2ce, org.springframework.test.context.support.DirtiesContextTestExecutionListener@5236573, org.springframework.test.context.transaction.TransactionalTestExecutionListener@473201ca, org.springframework.test.context.jdbc.SqlScriptsTestExecutionListener@68b6a644, org.springframework.security.test.context.support.WithSecurityContextTestExecutionListener@38015e1e, org.springframework.security.test.context.support.ReactorContextTestExecutionListener@2697ac90, org.springframework.boot.test.autoconfigure.restdocs.RestDocsTestExecutionListener@71fcd5d9, org.springframework.boot.test.autoconfigure.web.client.MockRestServiceServerResetTestExecutionListener@2c25c924, org.springframework.boot.test.autoconfigure.web.servlet.MockMvcPrintOnlyOnFailureTestExecutionListener@1ee68310, org.springframework.boot.test.autoconfigure.web.servlet.WebDriverTestExecutionListener@50e4f70, org.springframework.boot.test.mock.mockito.ResetMocksTestExecutionListener@124b1015]
2020-01-03 14:24:33.451  INFO 24776 --- [    Test worker] o.a.c.c.C.[Tomcat].[localhost].[/]       : Initializing Spring TestDispatcherServlet ''
2020-01-03 14:24:33.451  INFO 24776 --- [    Test worker] o.s.t.web.servlet.TestDispatcherServlet  : Initializing Servlet ''
2020-01-03 14:24:33.452  INFO 24776 --- [    Test worker] o.s.t.web.servlet.TestDispatcherServlet  : Completed initialization in 1 ms
2020-01-03 14:24:33.492  INFO 24776 --- [    Test worker] o.a.c.c.C.[Tomcat].[localhost].[/]       : Initializing Spring TestDispatcherServlet ''
2020-01-03 14:24:33.492  INFO 24776 --- [    Test worker] o.s.t.web.servlet.TestDispatcherServlet  : Initializing Servlet ''
2020-01-03 14:24:33.493  INFO 24776 --- [    Test worker] o.s.t.web.servlet.TestDispatcherServlet  : Completed initialization in 1 ms
]]></system-out>
  <system-err><![CDATA[]]></system-err>
</testsuite>
