<?xml version="1.0" encoding="UTF-8"?>
<testsuite name="sprinboot.web.HelloControllerTest" tests="2" skipped="0" failures="0" errors="0" timestamp="2020-01-03T05:24:33" hostname="DESKTOP-DEDM406" time="0.072">
  <properties/>
  <testcase name="hello가_리턴된다" classname="sprinboot.web.HelloControllerTest" time="0.018"/>
  <testcase name="helloDto가_리턴된다" classname="sprinboot.web.HelloControllerTest" time="0.054"/>
  <system-out><![CDATA[2020-01-03 14:24:32.856  INFO 24776 --- [    Test worker] .b.t.a.w.s.WebMvcTestContextBootstrapper : Neither @ContextConfiguration nor @ContextHierarchy found for test class [sprinboot.web.HelloControllerTest], using SpringBootContextLoader
2020-01-03 14:24:32.857  INFO 24776 --- [    Test worker] o.s.t.c.support.AbstractContextLoader    : Could not detect default resource locations for test class [sprinboot.web.HelloControllerTest]: no resource found for suffixes {-context.xml, Context.groovy}.
2020-01-03 14:24:32.857  INFO 24776 --- [    Test worker] t.c.s.AnnotationConfigContextLoaderUtils : Could not detect default configuration classes for test class [sprinboot.web.HelloControllerTest]: HelloControllerTest does not declare any static, non-private, non-final, nested classes annotated with @Configuration.
2020-01-03 14:24:32.871  INFO 24776 --- [    Test worker] .b.t.c.SpringBootTestContextBootstrapper : Found @SpringBootConfiguration sprinboot.Application for test class sprinboot.web.HelloControllerTest
2020-01-03 14:24:32.871  INFO 24776 --- [    Test worker] .b.t.a.w.s.WebMvcTestContextBootstrapper : Loaded default TestExecutionListener class names from location [META-INF/spring.factories]: [org.springframework.security.test.context.support.WithSecurityContextTestExecutionListener, org.springframework.security.test.context.support.ReactorContextTestExecutionListener, org.springframework.boot.test.autoconfigure.restdocs.RestDocsTestExecutionListener, org.springframework.boot.test.autoconfigure.web.client.MockRestServiceServerResetTestExecutionListener, org.springframework.boot.test.autoconfigure.web.servlet.MockMvcPrintOnlyOnFailureTestExecutionListener, org.springframework.boot.test.autoconfigure.web.servlet.WebDriverTestExecutionListener, org.springframework.boot.test.mock.mockito.MockitoTestExecutionListener, org.springframework.boot.test.mock.mockito.ResetMocksTestExecutionListener, org.springframework.test.context.web.ServletTestExecutionListener, org.springframework.test.context.support.DirtiesContextBeforeModesTestExecutionListener, org.springframework.test.context.support.DependencyInjectionTestExecutionListener, org.springframework.test.context.support.DirtiesContextTestExecutionListener, org.springframework.test.context.transaction.TransactionalTestExecutionListener, org.springframework.test.context.jdbc.SqlScriptsTestExecutionListener]
2020-01-03 14:24:32.872  INFO 24776 --- [    Test worker] .b.t.a.w.s.WebMvcTestContextBootstrapper : Using TestExecutionListeners: [org.springframework.test.context.web.ServletTestExecutionListener@3910e819, org.springframework.test.context.support.DirtiesContextBeforeModesTestExecutionListener@4b196813, org.springframework.boot.test.mock.mockito.MockitoTestExecutionListener@38d2b14, org.springframework.boot.test.autoconfigure.SpringBootDependencyInjectionTestExecutionListener@4018096f, org.springframework.test.context.support.DirtiesContextTestExecutionListener@7ef66155, org.springframework.test.context.transaction.TransactionalTestExecutionListener@7eafc768, org.springframework.test.context.jdbc.SqlScriptsTestExecutionListener@14909622, org.springframework.security.test.context.support.WithSecurityContextTestExecutionListener@14c3a6ae, org.springframework.security.test.context.support.ReactorContextTestExecutionListener@59f281aa, org.springframework.boot.test.autoconfigure.restdocs.RestDocsTestExecutionListener@5966997b, org.springframework.boot.test.autoconfigure.web.client.MockRestServiceServerResetTestExecutionListener@495735f3, org.springframework.boot.test.autoconfigure.web.servlet.MockMvcPrintOnlyOnFailureTestExecutionListener@40281ca1, org.springframework.boot.test.autoconfigure.web.servlet.WebDriverTestExecutionListener@d1a2adf, org.springframework.boot.test.mock.mockito.ResetMocksTestExecutionListener@60dac746]

  .   ____          _            __ _ _
 /\\ / ___'_ __ _ _(_)_ __  __ _ \ \ \ \
( ( )\___ | '_ | '_| | '_ \/ _` | \ \ \ \
 \\/  ___)| |_)| | | | | || (_| |  ) ) ) )
  '  |____| .__|_| |_|_| |_\__, | / / / /
 =========|_|==============|___/=/_/_/_/
 :: Spring Boot ::        (v2.1.7.RELEASE)

2020-01-03 14:24:32.888  INFO 24776 --- [    Test worker] sprinboot.web.HelloControllerTest        : Starting HelloControllerTest on DESKTOP-DEDM406 with PID 24776 (started by count in F:\Downloads\com.tistory.irerin07)
2020-01-03 14:24:32.889  INFO 24776 --- [    Test worker] sprinboot.web.HelloControllerTest        : No active profile set, falling back to default profiles: default
2020-01-03 14:24:33.120  INFO 24776 --- [    Test worker] o.s.s.concurrent.ThreadPoolTaskExecutor  : Initializing ExecutorService 'applicationTaskExecutor'
2020-01-03 14:24:33.136  INFO 24776 --- [    Test worker] o.s.b.a.w.s.WelcomePageHandlerMapping    : Adding welcome page template: index
2020-01-03 14:24:33.230  INFO 24776 --- [    Test worker] .s.s.UserDetailsServiceAutoConfiguration : 

Using generated security password: fbe60672-8d12-4394-96d6-0b3fb3fbdfd4

2020-01-03 14:24:33.295  INFO 24776 --- [    Test worker] o.s.s.web.DefaultSecurityFilterChain     : Creating filter chain: any request, [org.springframework.security.web.context.request.async.WebAsyncManagerIntegrationFilter@7315e307, org.springframework.security.web.context.SecurityContextPersistenceFilter@4cb407e7, org.springframework.security.web.header.HeaderWriterFilter@46accd08, org.springframework.security.web.csrf.CsrfFilter@f8d95a7, org.springframework.security.web.authentication.logout.LogoutFilter@61a30c1d, org.springframework.security.web.authentication.UsernamePasswordAuthenticationFilter@33891ded, org.springframework.security.web.authentication.ui.DefaultLoginPageGeneratingFilter@f1e04d6, org.springframework.security.web.authentication.ui.DefaultLogoutPageGeneratingFilter@7d18618b, org.springframework.security.web.authentication.www.BasicAuthenticationFilter@35a51d3e, org.springframework.security.web.savedrequest.RequestCacheAwareFilter@700c1068, org.springframework.security.web.servletapi.SecurityContextHolderAwareRequestFilter@50e857ec, org.springframework.security.web.authentication.AnonymousAuthenticationFilter@60c9dffb, org.springframework.security.web.session.SessionManagementFilter@25ef48d7, org.springframework.security.web.access.ExceptionTranslationFilter@38908283, org.springframework.security.web.access.intercept.FilterSecurityInterceptor@9355e44]
2020-01-03 14:24:33.307  INFO 24776 --- [    Test worker] o.s.b.t.m.w.SpringBootMockServletContext : Initializing Spring TestDispatcherServlet ''
2020-01-03 14:24:33.307  INFO 24776 --- [    Test worker] o.s.t.web.servlet.TestDispatcherServlet  : Initializing Servlet ''
2020-01-03 14:24:33.314  INFO 24776 --- [    Test worker] o.s.t.web.servlet.TestDispatcherServlet  : Completed initialization in 7 ms
2020-01-03 14:24:33.329  INFO 24776 --- [    Test worker] sprinboot.web.HelloControllerTest        : Started HelloControllerTest in 0.456 seconds (JVM running for 7.203)
]]></system-out>
  <system-err><![CDATA[]]></system-err>
</testsuite>
