<?xml version="1.0" encoding="UTF-8"?>
<testsuite name="sprinboot.web.IndexControllerTest" tests="1" skipped="0" failures="0" errors="0" timestamp="2020-01-02T11:31:26" hostname="DESKTOP-DEDM406" time="0.046">
  <properties/>
  <testcase name="메인페이지_로딩" classname="sprinboot.web.IndexControllerTest" time="0.046"/>
  <system-out><![CDATA[2020-01-02 20:31:26.997  INFO 33076 --- [    Test worker] .b.t.c.SpringBootTestContextBootstrapper : Neither @ContextConfiguration nor @ContextHierarchy found for test class [sprinboot.web.IndexControllerTest], using SpringBootContextLoader
2020-01-02 20:31:26.997  INFO 33076 --- [    Test worker] o.s.t.c.support.AbstractContextLoader    : Could not detect default resource locations for test class [sprinboot.web.IndexControllerTest]: no resource found for suffixes {-context.xml, Context.groovy}.
2020-01-02 20:31:26.997  INFO 33076 --- [    Test worker] t.c.s.AnnotationConfigContextLoaderUtils : Could not detect default configuration classes for test class [sprinboot.web.IndexControllerTest]: IndexControllerTest does not declare any static, non-private, non-final, nested classes annotated with @Configuration.
2020-01-02 20:31:26.998  INFO 33076 --- [    Test worker] .b.t.c.SpringBootTestContextBootstrapper : Found @SpringBootConfiguration sprinboot.Application for test class sprinboot.web.IndexControllerTest
2020-01-02 20:31:26.998  INFO 33076 --- [    Test worker] .b.t.c.SpringBootTestContextBootstrapper : Loaded default TestExecutionListener class names from location [META-INF/spring.factories]: [org.springframework.security.test.context.support.WithSecurityContextTestExecutionListener, org.springframework.security.test.context.support.ReactorContextTestExecutionListener, org.springframework.boot.test.autoconfigure.restdocs.RestDocsTestExecutionListener, org.springframework.boot.test.autoconfigure.web.client.MockRestServiceServerResetTestExecutionListener, org.springframework.boot.test.autoconfigure.web.servlet.MockMvcPrintOnlyOnFailureTestExecutionListener, org.springframework.boot.test.autoconfigure.web.servlet.WebDriverTestExecutionListener, org.springframework.boot.test.mock.mockito.MockitoTestExecutionListener, org.springframework.boot.test.mock.mockito.ResetMocksTestExecutionListener, org.springframework.test.context.web.ServletTestExecutionListener, org.springframework.test.context.support.DirtiesContextBeforeModesTestExecutionListener, org.springframework.test.context.support.DependencyInjectionTestExecutionListener, org.springframework.test.context.support.DirtiesContextTestExecutionListener, org.springframework.test.context.transaction.TransactionalTestExecutionListener, org.springframework.test.context.jdbc.SqlScriptsTestExecutionListener]
2020-01-02 20:31:26.999  INFO 33076 --- [    Test worker] .b.t.c.SpringBootTestContextBootstrapper : Using TestExecutionListeners: [org.springframework.test.context.web.ServletTestExecutionListener@75c9e4e7, org.springframework.test.context.support.DirtiesContextBeforeModesTestExecutionListener@da98908, org.springframework.boot.test.mock.mockito.MockitoTestExecutionListener@63cf9d78, org.springframework.boot.test.autoconfigure.SpringBootDependencyInjectionTestExecutionListener@4de7fdb3, org.springframework.test.context.support.DirtiesContextTestExecutionListener@77b3d634, org.springframework.test.context.transaction.TransactionalTestExecutionListener@3613f003, org.springframework.test.context.jdbc.SqlScriptsTestExecutionListener@29a88fe4, org.springframework.security.test.context.support.WithSecurityContextTestExecutionListener@5b50f507, org.springframework.security.test.context.support.ReactorContextTestExecutionListener@32bb8a2f, org.springframework.boot.test.autoconfigure.restdocs.RestDocsTestExecutionListener@1b81e793, org.springframework.boot.test.autoconfigure.web.client.MockRestServiceServerResetTestExecutionListener@76bb9ca8, org.springframework.boot.test.autoconfigure.web.servlet.MockMvcPrintOnlyOnFailureTestExecutionListener@2a9fb7b5, org.springframework.boot.test.autoconfigure.web.servlet.WebDriverTestExecutionListener@441baa3b, org.springframework.boot.test.mock.mockito.ResetMocksTestExecutionListener@50b26054]
]]></system-out>
  <system-err><![CDATA[]]></system-err>
</testsuite>
