<?xml version="1.0" encoding="UTF-8"?>
<testsuite name="sprinboot.web.IndexControllerTest" tests="1" skipped="0" failures="0" errors="0" timestamp="2020-01-02T07:34:46" hostname="DESKTOP-DEDM406" time="0.042">
  <properties/>
  <testcase name="메인페이지_로딩" classname="sprinboot.web.IndexControllerTest" time="0.042"/>
  <system-out><![CDATA[2020-01-02 16:34:46.201  INFO 17660 --- [    Test worker] .b.t.c.SpringBootTestContextBootstrapper : Neither @ContextConfiguration nor @ContextHierarchy found for test class [sprinboot.web.IndexControllerTest], using SpringBootContextLoader
2020-01-02 16:34:46.202  INFO 17660 --- [    Test worker] o.s.t.c.support.AbstractContextLoader    : Could not detect default resource locations for test class [sprinboot.web.IndexControllerTest]: no resource found for suffixes {-context.xml, Context.groovy}.
2020-01-02 16:34:46.202  INFO 17660 --- [    Test worker] t.c.s.AnnotationConfigContextLoaderUtils : Could not detect default configuration classes for test class [sprinboot.web.IndexControllerTest]: IndexControllerTest does not declare any static, non-private, non-final, nested classes annotated with @Configuration.
2020-01-02 16:34:46.206  INFO 17660 --- [    Test worker] .b.t.c.SpringBootTestContextBootstrapper : Found @SpringBootConfiguration sprinboot.Application for test class sprinboot.web.IndexControllerTest
2020-01-02 16:34:46.207  INFO 17660 --- [    Test worker] .b.t.c.SpringBootTestContextBootstrapper : Loaded default TestExecutionListener class names from location [META-INF/spring.factories]: [org.springframework.security.test.context.support.WithSecurityContextTestExecutionListener, org.springframework.security.test.context.support.ReactorContextTestExecutionListener, org.springframework.boot.test.autoconfigure.restdocs.RestDocsTestExecutionListener, org.springframework.boot.test.autoconfigure.web.client.MockRestServiceServerResetTestExecutionListener, org.springframework.boot.test.autoconfigure.web.servlet.MockMvcPrintOnlyOnFailureTestExecutionListener, org.springframework.boot.test.autoconfigure.web.servlet.WebDriverTestExecutionListener, org.springframework.boot.test.mock.mockito.MockitoTestExecutionListener, org.springframework.boot.test.mock.mockito.ResetMocksTestExecutionListener, org.springframework.test.context.web.ServletTestExecutionListener, org.springframework.test.context.support.DirtiesContextBeforeModesTestExecutionListener, org.springframework.test.context.support.DependencyInjectionTestExecutionListener, org.springframework.test.context.support.DirtiesContextTestExecutionListener, org.springframework.test.context.transaction.TransactionalTestExecutionListener, org.springframework.test.context.jdbc.SqlScriptsTestExecutionListener]
2020-01-02 16:34:46.208  INFO 17660 --- [    Test worker] .b.t.c.SpringBootTestContextBootstrapper : Using TestExecutionListeners: [org.springframework.test.context.web.ServletTestExecutionListener@47c62460, org.springframework.test.context.support.DirtiesContextBeforeModesTestExecutionListener@45ba9b54, org.springframework.boot.test.mock.mockito.MockitoTestExecutionListener@39550d88, org.springframework.boot.test.autoconfigure.SpringBootDependencyInjectionTestExecutionListener@5b15f447, org.springframework.test.context.support.DirtiesContextTestExecutionListener@2d062e61, org.springframework.test.context.transaction.TransactionalTestExecutionListener@3c7770ae, org.springframework.test.context.jdbc.SqlScriptsTestExecutionListener@2d5f03e5, org.springframework.security.test.context.support.WithSecurityContextTestExecutionListener@599c7dc5, org.springframework.security.test.context.support.ReactorContextTestExecutionListener@45f525b1, org.springframework.boot.test.autoconfigure.restdocs.RestDocsTestExecutionListener@4280dfa1, org.springframework.boot.test.autoconfigure.web.client.MockRestServiceServerResetTestExecutionListener@1715ac3f, org.springframework.boot.test.autoconfigure.web.servlet.MockMvcPrintOnlyOnFailureTestExecutionListener@2ddd894d, org.springframework.boot.test.autoconfigure.web.servlet.WebDriverTestExecutionListener@41e9e9ea, org.springframework.boot.test.mock.mockito.ResetMocksTestExecutionListener@5504ba1]
]]></system-out>
  <system-err><![CDATA[]]></system-err>
</testsuite>
