<?xml version="1.0" encoding="UTF-8"?>
<testsuite name="sprinboot.web.dto.ProfileControllerTest" tests="1" skipped="0" failures="0" errors="0" timestamp="2020-01-02T07:34:46" hostname="DESKTOP-DEDM406" time="0.137">
  <properties/>
  <testcase name="profile은_인증없이_호출된다" classname="sprinboot.web.dto.ProfileControllerTest" time="0.137"/>
  <system-out><![CDATA[2020-01-02 16:34:44.683  INFO 17660 --- [    Test worker] .b.t.c.SpringBootTestContextBootstrapper : Neither @ContextConfiguration nor @ContextHierarchy found for test class [sprinboot.web.dto.ProfileControllerTest], using SpringBootContextLoader
2020-01-02 16:34:44.684  INFO 17660 --- [    Test worker] o.s.t.c.support.AbstractContextLoader    : Could not detect default resource locations for test class [sprinboot.web.dto.ProfileControllerTest]: no resource found for suffixes {-context.xml, Context.groovy}.
2020-01-02 16:34:44.684  INFO 17660 --- [    Test worker] t.c.s.AnnotationConfigContextLoaderUtils : Could not detect default configuration classes for test class [sprinboot.web.dto.ProfileControllerTest]: ProfileControllerTest does not declare any static, non-private, non-final, nested classes annotated with @Configuration.
2020-01-02 16:34:44.692  INFO 17660 --- [    Test worker] .b.t.c.SpringBootTestContextBootstrapper : Found @SpringBootConfiguration sprinboot.Application for test class sprinboot.web.dto.ProfileControllerTest
2020-01-02 16:34:44.694  INFO 17660 --- [    Test worker] .b.t.c.SpringBootTestContextBootstrapper : Loaded default TestExecutionListener class names from location [META-INF/spring.factories]: [org.springframework.security.test.context.support.WithSecurityContextTestExecutionListener, org.springframework.security.test.context.support.ReactorContextTestExecutionListener, org.springframework.boot.test.autoconfigure.restdocs.RestDocsTestExecutionListener, org.springframework.boot.test.autoconfigure.web.client.MockRestServiceServerResetTestExecutionListener, org.springframework.boot.test.autoconfigure.web.servlet.MockMvcPrintOnlyOnFailureTestExecutionListener, org.springframework.boot.test.autoconfigure.web.servlet.WebDriverTestExecutionListener, org.springframework.boot.test.mock.mockito.MockitoTestExecutionListener, org.springframework.boot.test.mock.mockito.ResetMocksTestExecutionListener, org.springframework.test.context.web.ServletTestExecutionListener, org.springframework.test.context.support.DirtiesContextBeforeModesTestExecutionListener, org.springframework.test.context.support.DependencyInjectionTestExecutionListener, org.springframework.test.context.support.DirtiesContextTestExecutionListener, org.springframework.test.context.transaction.TransactionalTestExecutionListener, org.springframework.test.context.jdbc.SqlScriptsTestExecutionListener]
2020-01-02 16:34:44.694  INFO 17660 --- [    Test worker] .b.t.c.SpringBootTestContextBootstrapper : Using TestExecutionListeners: [org.springframework.test.context.web.ServletTestExecutionListener@54834ca7, org.springframework.test.context.support.DirtiesContextBeforeModesTestExecutionListener@5507cfe7, org.springframework.boot.test.mock.mockito.MockitoTestExecutionListener@670dbce3, org.springframework.boot.test.autoconfigure.SpringBootDependencyInjectionTestExecutionListener@46d687db, org.springframework.test.context.support.DirtiesContextTestExecutionListener@8fe1dd2, org.springframework.test.context.transaction.TransactionalTestExecutionListener@63ed83dd, org.springframework.test.context.jdbc.SqlScriptsTestExecutionListener@698dd1e7, org.springframework.security.test.context.support.WithSecurityContextTestExecutionListener@1b976b52, org.springframework.security.test.context.support.ReactorContextTestExecutionListener@63ffe57f, org.springframework.boot.test.autoconfigure.restdocs.RestDocsTestExecutionListener@6c8361b6, org.springframework.boot.test.autoconfigure.web.client.MockRestServiceServerResetTestExecutionListener@6b868728, org.springframework.boot.test.autoconfigure.web.servlet.MockMvcPrintOnlyOnFailureTestExecutionListener@4b6bbcf1, org.springframework.boot.test.autoconfigure.web.servlet.WebDriverTestExecutionListener@57a37cfe, org.springframework.boot.test.mock.mockito.ResetMocksTestExecutionListener@205a296d]

  .   ____          _            __ _ _
 /\\ / ___'_ __ _ _(_)_ __  __ _ \ \ \ \
( ( )\___ | '_ | '_| | '_ \/ _` | \ \ \ \
 \\/  ___)| |_)| | | | | || (_| |  ) ) ) )
  '  |____| .__|_| |_|_| |_\__, | / / / /
 =========|_|==============|___/=/_/_/_/
 :: Spring Boot ::        (v2.1.7.RELEASE)

2020-01-02 16:34:44.717  INFO 17660 --- [    Test worker] sprinboot.web.dto.ProfileControllerTest  : Starting ProfileControllerTest on DESKTOP-DEDM406 with PID 17660 (started by count in F:\Downloads\com.tistory.irerin07)
2020-01-02 16:34:44.718  INFO 17660 --- [    Test worker] sprinboot.web.dto.ProfileControllerTest  : No active profile set, falling back to default profiles: default
2020-01-02 16:34:44.867  INFO 17660 --- [    Test worker] .s.d.r.c.RepositoryConfigurationDelegate : Bootstrapping Spring Data repositories in DEFAULT mode.
2020-01-02 16:34:44.901  INFO 17660 --- [    Test worker] .s.d.r.c.RepositoryConfigurationDelegate : Finished Spring Data repository scanning in 34ms. Found 2 repository interfaces.
2020-01-02 16:34:44.975  INFO 17660 --- [    Test worker] trationDelegate$BeanPostProcessorChecker : Bean 'org.springframework.transaction.annotation.ProxyTransactionManagementConfiguration' of type [org.springframework.transaction.annotation.ProxyTransactionManagementConfiguration$$EnhancerBySpringCGLIB$$1c6d3ba5] is not eligible for getting processed by all BeanPostProcessors (for example: not eligible for auto-proxying)
2020-01-02 16:34:45.148  INFO 17660 --- [    Test worker] o.s.b.w.embedded.tomcat.TomcatWebServer  : Tomcat initialized with port(s): 0 (http)
2020-01-02 16:34:45.168  INFO 17660 --- [    Test worker] o.apache.catalina.core.StandardService   : Starting service [Tomcat]
2020-01-02 16:34:45.168  INFO 17660 --- [    Test worker] org.apache.catalina.core.StandardEngine  : Starting Servlet engine: [Apache Tomcat/9.0.22]
2020-01-02 16:34:45.287  INFO 17660 --- [    Test worker] o.a.c.c.C.[Tomcat].[localhost].[/]       : Initializing Spring embedded WebApplicationContext
2020-01-02 16:34:45.287  INFO 17660 --- [    Test worker] o.s.web.context.ContextLoader            : Root WebApplicationContext: initialization completed in 567 ms
2020-01-02 16:34:45.413  INFO 17660 --- [    Test worker] com.zaxxer.hikari.HikariDataSource       : HikariPool-2 - Starting...
2020-01-02 16:34:45.414  INFO 17660 --- [    Test worker] com.zaxxer.hikari.HikariDataSource       : HikariPool-2 - Start completed.
2020-01-02 16:34:45.435  INFO 17660 --- [    Test worker] o.hibernate.jpa.internal.util.LogHelper  : HHH000204: Processing PersistenceUnitInfo [
	name: default
	...]
2020-01-02 16:34:45.440  INFO 17660 --- [    Test worker] org.hibernate.dialect.Dialect            : HHH000400: Using dialect: org.hibernate.dialect.MySQL5InnoDBDialect
2020-01-02 16:34:45.481  INFO 17660 --- [    Test worker] o.h.t.schema.internal.SchemaCreatorImpl  : HHH000476: Executing import script 'org.hibernate.tool.schema.internal.exec.ScriptSourceInputNonExistentImpl@1685bc62'
2020-01-02 16:34:45.481  INFO 17660 --- [    Test worker] j.LocalContainerEntityManagerFactoryBean : Initialized JPA EntityManagerFactory for persistence unit 'default'
2020-01-02 16:34:45.695  INFO 17660 --- [    Test worker] o.h.h.i.QueryTranslatorFactoryInitiator  : HHH000397: Using ASTQueryTranslatorFactory
2020-01-02 16:34:45.781  INFO 17660 --- [    Test worker] o.s.s.web.DefaultSecurityFilterChain     : Creating filter chain: any request, [org.springframework.security.web.context.request.async.WebAsyncManagerIntegrationFilter@16dfef9, org.springframework.security.web.context.SecurityContextPersistenceFilter@2330b1a7, org.springframework.security.web.header.HeaderWriterFilter@b4936a5, org.springframework.security.web.authentication.logout.LogoutFilter@55ee73cd, org.springframework.security.oauth2.client.web.OAuth2AuthorizationRequestRedirectFilter@6c5081e5, org.springframework.security.oauth2.client.web.OAuth2LoginAuthenticationFilter@7af39d0f, org.springframework.security.web.authentication.ui.DefaultLoginPageGeneratingFilter@73f5599d, org.springframework.security.web.authentication.ui.DefaultLogoutPageGeneratingFilter@bfcabf0, org.springframework.security.web.savedrequest.RequestCacheAwareFilter@38e4762a, org.springframework.security.web.servletapi.SecurityContextHolderAwareRequestFilter@7a5a938d, org.springframework.security.web.authentication.AnonymousAuthenticationFilter@63cb5cc3, org.springframework.security.web.session.SessionManagementFilter@503b23b8, org.springframework.security.web.access.ExceptionTranslationFilter@5a6834e7, org.springframework.security.web.access.intercept.FilterSecurityInterceptor@4e688e7a]
2020-01-02 16:34:45.882  INFO 17660 --- [    Test worker] o.s.s.concurrent.ThreadPoolTaskExecutor  : Initializing ExecutorService 'applicationTaskExecutor'
2020-01-02 16:34:45.890  WARN 17660 --- [    Test worker] aWebConfiguration$JpaWebMvcConfiguration : spring.jpa.open-in-view is enabled by default. Therefore, database queries may be performed during view rendering. Explicitly configure spring.jpa.open-in-view to disable this warning
2020-01-02 16:34:45.906  INFO 17660 --- [    Test worker] o.s.b.a.w.s.WelcomePageHandlerMapping    : Adding welcome page template: index
2020-01-02 16:34:46.047  INFO 17660 --- [    Test worker] s.a.ScheduledAnnotationBeanPostProcessor : No TaskScheduler/ScheduledExecutorService bean found for scheduled processing
2020-01-02 16:34:46.059  INFO 17660 --- [    Test worker] o.s.b.w.embedded.tomcat.TomcatWebServer  : Tomcat started on port(s): 8094 (http) with context path ''
2020-01-02 16:34:46.060  INFO 17660 --- [    Test worker] sprinboot.web.dto.ProfileControllerTest  : Started ProfileControllerTest in 1.364 seconds (JVM running for 6.308)
2020-01-02 16:34:46.137  INFO 17660 --- [o-auto-1-exec-1] o.a.c.c.C.[Tomcat].[localhost].[/]       : Initializing Spring DispatcherServlet 'dispatcherServlet'
2020-01-02 16:34:46.137  INFO 17660 --- [o-auto-1-exec-1] o.s.web.servlet.DispatcherServlet        : Initializing Servlet 'dispatcherServlet'
2020-01-02 16:34:46.153  INFO 17660 --- [o-auto-1-exec-1] o.s.web.servlet.DispatcherServlet        : Completed initialization in 16 ms
]]></system-out>
  <system-err><![CDATA[]]></system-err>
</testsuite>
