<?xml version="1.0" encoding="UTF-8"?>
<testsuite name="sprinboot.web.HelloControllerTest" tests="2" skipped="0" failures="0" errors="0" timestamp="2020-01-02T07:34:46" hostname="DESKTOP-DEDM406" time="0.028">
  <properties/>
  <testcase name="hello가_리턴된다" classname="sprinboot.web.HelloControllerTest" time="0.008"/>
  <testcase name="helloDto가_리턴된다" classname="sprinboot.web.HelloControllerTest" time="0.02"/>
  <system-out><![CDATA[2020-01-02 16:34:46.372  INFO 17660 --- [    Test worker] .b.t.a.w.s.WebMvcTestContextBootstrapper : Neither @ContextConfiguration nor @ContextHierarchy found for test class [sprinboot.web.HelloControllerTest], using SpringBootContextLoader
2020-01-02 16:34:46.372  INFO 17660 --- [    Test worker] o.s.t.c.support.AbstractContextLoader    : Could not detect default resource locations for test class [sprinboot.web.HelloControllerTest]: no resource found for suffixes {-context.xml, Context.groovy}.
2020-01-02 16:34:46.372  INFO 17660 --- [    Test worker] t.c.s.AnnotationConfigContextLoaderUtils : Could not detect default configuration classes for test class [sprinboot.web.HelloControllerTest]: HelloControllerTest does not declare any static, non-private, non-final, nested classes annotated with @Configuration.
2020-01-02 16:34:46.381  INFO 17660 --- [    Test worker] .b.t.c.SpringBootTestContextBootstrapper : Found @SpringBootConfiguration sprinboot.Application for test class sprinboot.web.HelloControllerTest
2020-01-02 16:34:46.382  INFO 17660 --- [    Test worker] .b.t.a.w.s.WebMvcTestContextBootstrapper : Loaded default TestExecutionListener class names from location [META-INF/spring.factories]: [org.springframework.security.test.context.support.WithSecurityContextTestExecutionListener, org.springframework.security.test.context.support.ReactorContextTestExecutionListener, org.springframework.boot.test.autoconfigure.restdocs.RestDocsTestExecutionListener, org.springframework.boot.test.autoconfigure.web.client.MockRestServiceServerResetTestExecutionListener, org.springframework.boot.test.autoconfigure.web.servlet.MockMvcPrintOnlyOnFailureTestExecutionListener, org.springframework.boot.test.autoconfigure.web.servlet.WebDriverTestExecutionListener, org.springframework.boot.test.mock.mockito.MockitoTestExecutionListener, org.springframework.boot.test.mock.mockito.ResetMocksTestExecutionListener, org.springframework.test.context.web.ServletTestExecutionListener, org.springframework.test.context.support.DirtiesContextBeforeModesTestExecutionListener, org.springframework.test.context.support.DependencyInjectionTestExecutionListener, org.springframework.test.context.support.DirtiesContextTestExecutionListener, org.springframework.test.context.transaction.TransactionalTestExecutionListener, org.springframework.test.context.jdbc.SqlScriptsTestExecutionListener]
2020-01-02 16:34:46.382  INFO 17660 --- [    Test worker] .b.t.a.w.s.WebMvcTestContextBootstrapper : Using TestExecutionListeners: [org.springframework.test.context.web.ServletTestExecutionListener@1bfc09e4, org.springframework.test.context.support.DirtiesContextBeforeModesTestExecutionListener@7675315b, org.springframework.boot.test.mock.mockito.MockitoTestExecutionListener@9edc508, org.springframework.boot.test.autoconfigure.SpringBootDependencyInjectionTestExecutionListener@296d1a2f, org.springframework.test.context.support.DirtiesContextTestExecutionListener@52a595cf, org.springframework.test.context.transaction.TransactionalTestExecutionListener@d859929, org.springframework.test.context.jdbc.SqlScriptsTestExecutionListener@6a27d814, org.springframework.security.test.context.support.WithSecurityContextTestExecutionListener@2b5a0b1d, org.springframework.security.test.context.support.ReactorContextTestExecutionListener@55aff854, org.springframework.boot.test.autoconfigure.restdocs.RestDocsTestExecutionListener@74c26f19, org.springframework.boot.test.autoconfigure.web.client.MockRestServiceServerResetTestExecutionListener@2071feed, org.springframework.boot.test.autoconfigure.web.servlet.MockMvcPrintOnlyOnFailureTestExecutionListener@5b081b1d, org.springframework.boot.test.autoconfigure.web.servlet.WebDriverTestExecutionListener@714f2570, org.springframework.boot.test.mock.mockito.ResetMocksTestExecutionListener@169236e7]

  .   ____          _            __ _ _
 /\\ / ___'_ __ _ _(_)_ __  __ _ \ \ \ \
( ( )\___ | '_ | '_| | '_ \/ _` | \ \ \ \
 \\/  ___)| |_)| | | | | || (_| |  ) ) ) )
  '  |____| .__|_| |_|_| |_\__, | / / / /
 =========|_|==============|___/=/_/_/_/
 :: Spring Boot ::        (v2.1.7.RELEASE)

2020-01-02 16:34:46.396  INFO 17660 --- [    Test worker] sprinboot.web.HelloControllerTest        : Starting HelloControllerTest on DESKTOP-DEDM406 with PID 17660 (started by count in F:\Downloads\com.tistory.irerin07)
2020-01-02 16:34:46.396  INFO 17660 --- [    Test worker] sprinboot.web.HelloControllerTest        : No active profile set, falling back to default profiles: default
2020-01-02 16:34:46.628  INFO 17660 --- [    Test worker] o.s.s.concurrent.ThreadPoolTaskExecutor  : Initializing ExecutorService 'applicationTaskExecutor'
2020-01-02 16:34:46.647  INFO 17660 --- [    Test worker] o.s.b.a.w.s.WelcomePageHandlerMapping    : Adding welcome page template: index
2020-01-02 16:34:46.755  INFO 17660 --- [    Test worker] .s.s.UserDetailsServiceAutoConfiguration : 

Using generated security password: dfec2e3d-6b24-43ea-8ede-1e035abf01e4

2020-01-02 16:34:46.817  INFO 17660 --- [    Test worker] o.s.s.web.DefaultSecurityFilterChain     : Creating filter chain: any request, [org.springframework.security.web.context.request.async.WebAsyncManagerIntegrationFilter@19d6cb54, org.springframework.security.web.context.SecurityContextPersistenceFilter@67671e96, org.springframework.security.web.header.HeaderWriterFilter@65ffa769, org.springframework.security.web.csrf.CsrfFilter@75d8ffc, org.springframework.security.web.authentication.logout.LogoutFilter@5ede14f8, org.springframework.security.web.authentication.UsernamePasswordAuthenticationFilter@40f0d3d7, org.springframework.security.web.authentication.ui.DefaultLoginPageGeneratingFilter@7832274d, org.springframework.security.web.authentication.ui.DefaultLogoutPageGeneratingFilter@51e30c70, org.springframework.security.web.authentication.www.BasicAuthenticationFilter@49cb633c, org.springframework.security.web.savedrequest.RequestCacheAwareFilter@5953554b, org.springframework.security.web.servletapi.SecurityContextHolderAwareRequestFilter@410f75e7, org.springframework.security.web.authentication.AnonymousAuthenticationFilter@43a357f3, org.springframework.security.web.session.SessionManagementFilter@eb6e645, org.springframework.security.web.access.ExceptionTranslationFilter@3361ad7c, org.springframework.security.web.access.intercept.FilterSecurityInterceptor@d437c0e]
2020-01-02 16:34:46.824  INFO 17660 --- [    Test worker] o.s.b.t.m.w.SpringBootMockServletContext : Initializing Spring TestDispatcherServlet ''
2020-01-02 16:34:46.824  INFO 17660 --- [    Test worker] o.s.t.web.servlet.TestDispatcherServlet  : Initializing Servlet ''
2020-01-02 16:34:46.826  INFO 17660 --- [    Test worker] o.s.t.web.servlet.TestDispatcherServlet  : Completed initialization in 2 ms
2020-01-02 16:34:46.839  INFO 17660 --- [    Test worker] sprinboot.web.HelloControllerTest        : Started HelloControllerTest in 0.456 seconds (JVM running for 7.086)
]]></system-out>
  <system-err><![CDATA[]]></system-err>
</testsuite>
