<?xml version="1.0" encoding="UTF-8"?>
<testsuite name="sprinboot.web.IndexControllerTest" tests="1" skipped="0" failures="0" errors="0" timestamp="2020-01-03T05:24:33" hostname="DESKTOP-DEDM406" time="0.036">
  <properties/>
  <testcase name="메인페이지_로딩" classname="sprinboot.web.IndexControllerTest" time="0.036"/>
  <system-out><![CDATA[2020-01-03 14:24:33.403  INFO 24776 --- [    Test worker] .b.t.c.SpringBootTestContextBootstrapper : Neither @ContextConfiguration nor @ContextHierarchy found for test class [sprinboot.web.IndexControllerTest], using SpringBootContextLoader
2020-01-03 14:24:33.404  INFO 24776 --- [    Test worker] o.s.t.c.support.AbstractContextLoader    : Could not detect default resource locations for test class [sprinboot.web.IndexControllerTest]: no resource found for suffixes {-context.xml, Context.groovy}.
2020-01-03 14:24:33.404  INFO 24776 --- [    Test worker] t.c.s.AnnotationConfigContextLoaderUtils : Could not detect default configuration classes for test class [sprinboot.web.IndexControllerTest]: IndexControllerTest does not declare any static, non-private, non-final, nested classes annotated with @Configuration.
2020-01-03 14:24:33.405  INFO 24776 --- [    Test worker] .b.t.c.SpringBootTestContextBootstrapper : Found @SpringBootConfiguration sprinboot.Application for test class sprinboot.web.IndexControllerTest
2020-01-03 14:24:33.406  INFO 24776 --- [    Test worker] .b.t.c.SpringBootTestContextBootstrapper : Loaded default TestExecutionListener class names from location [META-INF/spring.factories]: [org.springframework.security.test.context.support.WithSecurityContextTestExecutionListener, org.springframework.security.test.context.support.ReactorContextTestExecutionListener, org.springframework.boot.test.autoconfigure.restdocs.RestDocsTestExecutionListener, org.springframework.boot.test.autoconfigure.web.client.MockRestServiceServerResetTestExecutionListener, org.springframework.boot.test.autoconfigure.web.servlet.MockMvcPrintOnlyOnFailureTestExecutionListener, org.springframework.boot.test.autoconfigure.web.servlet.WebDriverTestExecutionListener, org.springframework.boot.test.mock.mockito.MockitoTestExecutionListener, org.springframework.boot.test.mock.mockito.ResetMocksTestExecutionListener, org.springframework.test.context.web.ServletTestExecutionListener, org.springframework.test.context.support.DirtiesContextBeforeModesTestExecutionListener, org.springframework.test.context.support.DependencyInjectionTestExecutionListener, org.springframework.test.context.support.DirtiesContextTestExecutionListener, org.springframework.test.context.transaction.TransactionalTestExecutionListener, org.springframework.test.context.jdbc.SqlScriptsTestExecutionListener]
2020-01-03 14:24:33.406  INFO 24776 --- [    Test worker] .b.t.c.SpringBootTestContextBootstrapper : Using TestExecutionListeners: [org.springframework.test.context.web.ServletTestExecutionListener@1ad66286, org.springframework.test.context.support.DirtiesContextBeforeModesTestExecutionListener@df8729e, org.springframework.boot.test.mock.mockito.MockitoTestExecutionListener@b11e0e7, org.springframework.boot.test.autoconfigure.SpringBootDependencyInjectionTestExecutionListener@e7fec7b, org.springframework.test.context.support.DirtiesContextTestExecutionListener@27146d60, org.springframework.test.context.transaction.TransactionalTestExecutionListener@6936879e, org.springframework.test.context.jdbc.SqlScriptsTestExecutionListener@6d244487, org.springframework.security.test.context.support.WithSecurityContextTestExecutionListener@1c49616c, org.springframework.security.test.context.support.ReactorContextTestExecutionListener@18b270e8, org.springframework.boot.test.autoconfigure.restdocs.RestDocsTestExecutionListener@45651e17, org.springframework.boot.test.autoconfigure.web.client.MockRestServiceServerResetTestExecutionListener@a2a6a40, org.springframework.boot.test.autoconfigure.web.servlet.MockMvcPrintOnlyOnFailureTestExecutionListener@5d3f2868, org.springframework.boot.test.autoconfigure.web.servlet.WebDriverTestExecutionListener@56012617, org.springframework.boot.test.mock.mockito.ResetMocksTestExecutionListener@3bf91f66]
]]></system-out>
  <system-err><![CDATA[]]></system-err>
</testsuite>
