<?xml version="1.0" encoding="UTF-8"?>
<testsuite name="sprinboot.web.ProfileControllerTest" tests="1" skipped="0" failures="0" errors="0" timestamp="2020-01-03T05:24:33" hostname="DESKTOP-DEDM406" time="0.017">
  <properties/>
  <testcase name="profile은_인증없이_호출된다" classname="sprinboot.web.ProfileControllerTest" time="0.017"/>
  <system-out><![CDATA[2020-01-03 14:24:33.512  INFO 24776 --- [    Test worker] .b.t.c.SpringBootTestContextBootstrapper : Neither @ContextConfiguration nor @ContextHierarchy found for test class [sprinboot.web.ProfileControllerTest], using SpringBootContextLoader
2020-01-03 14:24:33.512  INFO 24776 --- [    Test worker] o.s.t.c.support.AbstractContextLoader    : Could not detect default resource locations for test class [sprinboot.web.ProfileControllerTest]: no resource found for suffixes {-context.xml, Context.groovy}.
2020-01-03 14:24:33.512  INFO 24776 --- [    Test worker] t.c.s.AnnotationConfigContextLoaderUtils : Could not detect default configuration classes for test class [sprinboot.web.ProfileControllerTest]: ProfileControllerTest does not declare any static, non-private, non-final, nested classes annotated with @Configuration.
2020-01-03 14:24:33.513  INFO 24776 --- [    Test worker] .b.t.c.SpringBootTestContextBootstrapper : Found @SpringBootConfiguration sprinboot.Application for test class sprinboot.web.ProfileControllerTest
2020-01-03 14:24:33.514  INFO 24776 --- [    Test worker] .b.t.c.SpringBootTestContextBootstrapper : Loaded default TestExecutionListener class names from location [META-INF/spring.factories]: [org.springframework.security.test.context.support.WithSecurityContextTestExecutionListener, org.springframework.security.test.context.support.ReactorContextTestExecutionListener, org.springframework.boot.test.autoconfigure.restdocs.RestDocsTestExecutionListener, org.springframework.boot.test.autoconfigure.web.client.MockRestServiceServerResetTestExecutionListener, org.springframework.boot.test.autoconfigure.web.servlet.MockMvcPrintOnlyOnFailureTestExecutionListener, org.springframework.boot.test.autoconfigure.web.servlet.WebDriverTestExecutionListener, org.springframework.boot.test.mock.mockito.MockitoTestExecutionListener, org.springframework.boot.test.mock.mockito.ResetMocksTestExecutionListener, org.springframework.test.context.web.ServletTestExecutionListener, org.springframework.test.context.support.DirtiesContextBeforeModesTestExecutionListener, org.springframework.test.context.support.DependencyInjectionTestExecutionListener, org.springframework.test.context.support.DirtiesContextTestExecutionListener, org.springframework.test.context.transaction.TransactionalTestExecutionListener, org.springframework.test.context.jdbc.SqlScriptsTestExecutionListener]
2020-01-03 14:24:33.514  INFO 24776 --- [    Test worker] .b.t.c.SpringBootTestContextBootstrapper : Using TestExecutionListeners: [org.springframework.test.context.web.ServletTestExecutionListener@23c6d464, org.springframework.test.context.support.DirtiesContextBeforeModesTestExecutionListener@4b77ab01, org.springframework.boot.test.mock.mockito.MockitoTestExecutionListener@acb79d2, org.springframework.boot.test.autoconfigure.SpringBootDependencyInjectionTestExecutionListener@1aa167b8, org.springframework.test.context.support.DirtiesContextTestExecutionListener@fd1f57c, org.springframework.test.context.transaction.TransactionalTestExecutionListener@79887824, org.springframework.test.context.jdbc.SqlScriptsTestExecutionListener@285c9b2e, org.springframework.security.test.context.support.WithSecurityContextTestExecutionListener@39d1b53a, org.springframework.security.test.context.support.ReactorContextTestExecutionListener@392bcd69, org.springframework.boot.test.autoconfigure.restdocs.RestDocsTestExecutionListener@358db30, org.springframework.boot.test.autoconfigure.web.client.MockRestServiceServerResetTestExecutionListener@4f91b59e, org.springframework.boot.test.autoconfigure.web.servlet.MockMvcPrintOnlyOnFailureTestExecutionListener@7bdda133, org.springframework.boot.test.autoconfigure.web.servlet.WebDriverTestExecutionListener@1cfa6ba4, org.springframework.boot.test.mock.mockito.ResetMocksTestExecutionListener@59beb250]
]]></system-out>
  <system-err><![CDATA[]]></system-err>
</testsuite>
