<?xml version="1.0" encoding="UTF-8"?>
<testsuite name="sprinboot.web.PostsApiControllerTest" tests="2" skipped="0" failures="0" errors="0" timestamp="2020-01-02T07:34:46" hostname="DESKTOP-DEDM406" time="0.108">
  <properties/>
  <testcase name="Posts_등록된다" classname="sprinboot.web.PostsApiControllerTest" time="0.089"/>
  <testcase name="Posts_수정된다" classname="sprinboot.web.PostsApiControllerTest" time="0.019"/>
  <system-out><![CDATA[2020-01-02 16:34:46.254  INFO 17660 --- [    Test worker] .b.t.c.SpringBootTestContextBootstrapper : Neither @ContextConfiguration nor @ContextHierarchy found for test class [sprinboot.web.PostsApiControllerTest], using SpringBootContextLoader
2020-01-02 16:34:46.254  INFO 17660 --- [    Test worker] o.s.t.c.support.AbstractContextLoader    : Could not detect default resource locations for test class [sprinboot.web.PostsApiControllerTest]: no resource found for suffixes {-context.xml, Context.groovy}.
2020-01-02 16:34:46.254  INFO 17660 --- [    Test worker] t.c.s.AnnotationConfigContextLoaderUtils : Could not detect default configuration classes for test class [sprinboot.web.PostsApiControllerTest]: PostsApiControllerTest does not declare any static, non-private, non-final, nested classes annotated with @Configuration.
2020-01-02 16:34:46.255  INFO 17660 --- [    Test worker] .b.t.c.SpringBootTestContextBootstrapper : Found @SpringBootConfiguration sprinboot.Application for test class sprinboot.web.PostsApiControllerTest
2020-01-02 16:34:46.256  INFO 17660 --- [    Test worker] .b.t.c.SpringBootTestContextBootstrapper : Loaded default TestExecutionListener class names from location [META-INF/spring.factories]: [org.springframework.security.test.context.support.WithSecurityContextTestExecutionListener, org.springframework.security.test.context.support.ReactorContextTestExecutionListener, org.springframework.boot.test.autoconfigure.restdocs.RestDocsTestExecutionListener, org.springframework.boot.test.autoconfigure.web.client.MockRestServiceServerResetTestExecutionListener, org.springframework.boot.test.autoconfigure.web.servlet.MockMvcPrintOnlyOnFailureTestExecutionListener, org.springframework.boot.test.autoconfigure.web.servlet.WebDriverTestExecutionListener, org.springframework.boot.test.mock.mockito.MockitoTestExecutionListener, org.springframework.boot.test.mock.mockito.ResetMocksTestExecutionListener, org.springframework.test.context.web.ServletTestExecutionListener, org.springframework.test.context.support.DirtiesContextBeforeModesTestExecutionListener, org.springframework.test.context.support.DependencyInjectionTestExecutionListener, org.springframework.test.context.support.DirtiesContextTestExecutionListener, org.springframework.test.context.transaction.TransactionalTestExecutionListener, org.springframework.test.context.jdbc.SqlScriptsTestExecutionListener]
2020-01-02 16:34:46.256  INFO 17660 --- [    Test worker] .b.t.c.SpringBootTestContextBootstrapper : Using TestExecutionListeners: [org.springframework.test.context.web.ServletTestExecutionListener@1b2f8339, org.springframework.test.context.support.DirtiesContextBeforeModesTestExecutionListener@473111c1, org.springframework.boot.test.mock.mockito.MockitoTestExecutionListener@42c26bb4, org.springframework.boot.test.autoconfigure.SpringBootDependencyInjectionTestExecutionListener@2ae980b9, org.springframework.test.context.support.DirtiesContextTestExecutionListener@4db8f896, org.springframework.test.context.transaction.TransactionalTestExecutionListener@24857f9, org.springframework.test.context.jdbc.SqlScriptsTestExecutionListener@538603cf, org.springframework.security.test.context.support.WithSecurityContextTestExecutionListener@350cad4e, org.springframework.security.test.context.support.ReactorContextTestExecutionListener@3ffa9f31, org.springframework.boot.test.autoconfigure.restdocs.RestDocsTestExecutionListener@7f4de0a8, org.springframework.boot.test.autoconfigure.web.client.MockRestServiceServerResetTestExecutionListener@1cb61cf5, org.springframework.boot.test.autoconfigure.web.servlet.MockMvcPrintOnlyOnFailureTestExecutionListener@4c80b4f0, org.springframework.boot.test.autoconfigure.web.servlet.WebDriverTestExecutionListener@27e8b946, org.springframework.boot.test.mock.mockito.ResetMocksTestExecutionListener@373045b3]
2020-01-02 16:34:46.269  INFO 17660 --- [    Test worker] o.a.c.c.C.[Tomcat].[localhost].[/]       : Initializing Spring TestDispatcherServlet ''
2020-01-02 16:34:46.269  INFO 17660 --- [    Test worker] o.s.t.web.servlet.TestDispatcherServlet  : Initializing Servlet ''
2020-01-02 16:34:46.271  INFO 17660 --- [    Test worker] o.s.t.web.servlet.TestDispatcherServlet  : Completed initialization in 2 ms
2020-01-02 16:34:46.348  INFO 17660 --- [    Test worker] o.a.c.c.C.[Tomcat].[localhost].[/]       : Initializing Spring TestDispatcherServlet ''
2020-01-02 16:34:46.349  INFO 17660 --- [    Test worker] o.s.t.web.servlet.TestDispatcherServlet  : Initializing Servlet ''
2020-01-02 16:34:46.350  INFO 17660 --- [    Test worker] o.s.t.web.servlet.TestDispatcherServlet  : Completed initialization in 1 ms
]]></system-out>
  <system-err><![CDATA[]]></system-err>
</testsuite>
