<?xml version="1.0" encoding="UTF-8"?>
<testsuite name="sprinboot.domain.posts.PostsRepositoryTest" tests="2" skipped="0" failures="0" errors="0" timestamp="2020-01-02T11:31:26" hostname="DESKTOP-DEDM406" time="0.092">
  <properties/>
  <testcase name="게시글_저장_불러오기" classname="sprinboot.domain.posts.PostsRepositoryTest" time="0.087"/>
  <testcase name="BaseTimeEntity_등록" classname="sprinboot.domain.posts.PostsRepositoryTest" time="0.005"/>
  <system-out><![CDATA[2020-01-02 20:31:25.488  INFO 33076 --- [    Test worker] .b.t.c.SpringBootTestContextBootstrapper : Neither @ContextConfiguration nor @ContextHierarchy found for test class [sprinboot.domain.posts.PostsRepositoryTest], using SpringBootContextLoader
2020-01-02 20:31:25.488  INFO 33076 --- [    Test worker] o.s.t.c.support.AbstractContextLoader    : Could not detect default resource locations for test class [sprinboot.domain.posts.PostsRepositoryTest]: no resource found for suffixes {-context.xml, Context.groovy}.
2020-01-02 20:31:25.488  INFO 33076 --- [    Test worker] t.c.s.AnnotationConfigContextLoaderUtils : Could not detect default configuration classes for test class [sprinboot.domain.posts.PostsRepositoryTest]: PostsRepositoryTest does not declare any static, non-private, non-final, nested classes annotated with @Configuration.
2020-01-02 20:31:25.493  INFO 33076 --- [    Test worker] .b.t.c.SpringBootTestContextBootstrapper : Found @SpringBootConfiguration sprinboot.Application for test class sprinboot.domain.posts.PostsRepositoryTest
2020-01-02 20:31:25.495  INFO 33076 --- [    Test worker] .b.t.c.SpringBootTestContextBootstrapper : Loaded default TestExecutionListener class names from location [META-INF/spring.factories]: [org.springframework.security.test.context.support.WithSecurityContextTestExecutionListener, org.springframework.security.test.context.support.ReactorContextTestExecutionListener, org.springframework.boot.test.autoconfigure.restdocs.RestDocsTestExecutionListener, org.springframework.boot.test.autoconfigure.web.client.MockRestServiceServerResetTestExecutionListener, org.springframework.boot.test.autoconfigure.web.servlet.MockMvcPrintOnlyOnFailureTestExecutionListener, org.springframework.boot.test.autoconfigure.web.servlet.WebDriverTestExecutionListener, org.springframework.boot.test.mock.mockito.MockitoTestExecutionListener, org.springframework.boot.test.mock.mockito.ResetMocksTestExecutionListener, org.springframework.test.context.web.ServletTestExecutionListener, org.springframework.test.context.support.DirtiesContextBeforeModesTestExecutionListener, org.springframework.test.context.support.DependencyInjectionTestExecutionListener, org.springframework.test.context.support.DirtiesContextTestExecutionListener, org.springframework.test.context.transaction.TransactionalTestExecutionListener, org.springframework.test.context.jdbc.SqlScriptsTestExecutionListener]
2020-01-02 20:31:25.496  INFO 33076 --- [    Test worker] .b.t.c.SpringBootTestContextBootstrapper : Using TestExecutionListeners: [org.springframework.test.context.web.ServletTestExecutionListener@5296428f, org.springframework.test.context.support.DirtiesContextBeforeModesTestExecutionListener@273260c3, org.springframework.boot.test.mock.mockito.MockitoTestExecutionListener@1b0f3f43, org.springframework.boot.test.autoconfigure.SpringBootDependencyInjectionTestExecutionListener@9e76f6a, org.springframework.test.context.support.DirtiesContextTestExecutionListener@6985c6e3, org.springframework.test.context.transaction.TransactionalTestExecutionListener@5d058768, org.springframework.test.context.jdbc.SqlScriptsTestExecutionListener@3f924eac, org.springframework.security.test.context.support.WithSecurityContextTestExecutionListener@dbcfa0b, org.springframework.security.test.context.support.ReactorContextTestExecutionListener@4a499781, org.springframework.boot.test.autoconfigure.restdocs.RestDocsTestExecutionListener@3b866767, org.springframework.boot.test.autoconfigure.web.client.MockRestServiceServerResetTestExecutionListener@164cb995, org.springframework.boot.test.autoconfigure.web.servlet.MockMvcPrintOnlyOnFailureTestExecutionListener@7cca65f5, org.springframework.boot.test.autoconfigure.web.servlet.WebDriverTestExecutionListener@7a390072, org.springframework.boot.test.mock.mockito.ResetMocksTestExecutionListener@720ced0d]

  .   ____          _            __ _ _
 /\\ / ___'_ __ _ _(_)_ __  __ _ \ \ \ \
( ( )\___ | '_ | '_| | '_ \/ _` | \ \ \ \
 \\/  ___)| |_)| | | | | || (_| |  ) ) ) )
  '  |____| .__|_| |_|_| |_\__, | / / / /
 =========|_|==============|___/=/_/_/_/
 :: Spring Boot ::        (v2.1.7.RELEASE)

2020-01-02 20:31:25.515  INFO 33076 --- [    Test worker] s.domain.posts.PostsRepositoryTest       : Starting PostsRepositoryTest on DESKTOP-DEDM406 with PID 33076 (started by count in F:\Downloads\com.tistory.irerin07)
2020-01-02 20:31:25.515  INFO 33076 --- [    Test worker] s.domain.posts.PostsRepositoryTest       : No active profile set, falling back to default profiles: default
2020-01-02 20:31:25.643  INFO 33076 --- [    Test worker] .s.d.r.c.RepositoryConfigurationDelegate : Bootstrapping Spring Data repositories in DEFAULT mode.
2020-01-02 20:31:25.654  INFO 33076 --- [    Test worker] .s.d.r.c.RepositoryConfigurationDelegate : Finished Spring Data repository scanning in 10ms. Found 2 repository interfaces.
2020-01-02 20:31:25.721  INFO 33076 --- [    Test worker] trationDelegate$BeanPostProcessorChecker : Bean 'org.springframework.transaction.annotation.ProxyTransactionManagementConfiguration' of type [org.springframework.transaction.annotation.ProxyTransactionManagementConfiguration$$EnhancerBySpringCGLIB$$b23e8682] is not eligible for getting processed by all BeanPostProcessors (for example: not eligible for auto-proxying)
2020-01-02 20:31:25.773  INFO 33076 --- [    Test worker] com.zaxxer.hikari.HikariDataSource       : HikariPool-2 - Starting...
2020-01-02 20:31:25.774  INFO 33076 --- [    Test worker] com.zaxxer.hikari.HikariDataSource       : HikariPool-2 - Start completed.
2020-01-02 20:31:25.787  INFO 33076 --- [    Test worker] o.hibernate.jpa.internal.util.LogHelper  : HHH000204: Processing PersistenceUnitInfo [
	name: default
	...]
2020-01-02 20:31:25.791  INFO 33076 --- [    Test worker] org.hibernate.dialect.Dialect            : HHH000400: Using dialect: org.hibernate.dialect.MySQL5InnoDBDialect
2020-01-02 20:31:25.823  INFO 33076 --- [    Test worker] o.h.t.schema.internal.SchemaCreatorImpl  : HHH000476: Executing import script 'org.hibernate.tool.schema.internal.exec.ScriptSourceInputNonExistentImpl@3b25b646'
2020-01-02 20:31:25.823  INFO 33076 --- [    Test worker] j.LocalContainerEntityManagerFactoryBean : Initialized JPA EntityManagerFactory for persistence unit 'default'
2020-01-02 20:31:25.943  INFO 33076 --- [    Test worker] o.h.h.i.QueryTranslatorFactoryInitiator  : HHH000397: Using ASTQueryTranslatorFactory
2020-01-02 20:31:26.039  INFO 33076 --- [    Test worker] o.s.s.web.DefaultSecurityFilterChain     : Creating filter chain: any request, [org.springframework.security.web.context.request.async.WebAsyncManagerIntegrationFilter@7361b0e2, org.springframework.security.web.context.SecurityContextPersistenceFilter@60107d25, org.springframework.security.web.header.HeaderWriterFilter@42f2ebd5, org.springframework.security.web.authentication.logout.LogoutFilter@4f00d7c1, org.springframework.security.oauth2.client.web.OAuth2AuthorizationRequestRedirectFilter@6e1bf93f, org.springframework.security.oauth2.client.web.OAuth2LoginAuthenticationFilter@453d86d0, org.springframework.security.web.authentication.ui.DefaultLoginPageGeneratingFilter@2c9a7e22, org.springframework.security.web.authentication.ui.DefaultLogoutPageGeneratingFilter@49ac267e, org.springframework.security.web.savedrequest.RequestCacheAwareFilter@f834bc7, org.springframework.security.web.servletapi.SecurityContextHolderAwareRequestFilter@5a7ab5a1, org.springframework.security.web.authentication.AnonymousAuthenticationFilter@78cffc75, org.springframework.security.web.session.SessionManagementFilter@42a6960a, org.springframework.security.web.access.ExceptionTranslationFilter@4cd6636, org.springframework.security.web.access.intercept.FilterSecurityInterceptor@664b979f]
2020-01-02 20:31:26.215  INFO 33076 --- [    Test worker] o.s.s.concurrent.ThreadPoolTaskExecutor  : Initializing ExecutorService 'applicationTaskExecutor'
2020-01-02 20:31:26.222  WARN 33076 --- [    Test worker] aWebConfiguration$JpaWebMvcConfiguration : spring.jpa.open-in-view is enabled by default. Therefore, database queries may be performed during view rendering. Explicitly configure spring.jpa.open-in-view to disable this warning
2020-01-02 20:31:26.237  INFO 33076 --- [    Test worker] o.s.b.a.w.s.WelcomePageHandlerMapping    : Adding welcome page template: index
2020-01-02 20:31:26.407  INFO 33076 --- [    Test worker] s.a.ScheduledAnnotationBeanPostProcessor : No TaskScheduler/ScheduledExecutorService bean found for scheduled processing
2020-01-02 20:31:26.407  INFO 33076 --- [    Test worker] s.domain.posts.PostsRepositoryTest       : Started PostsRepositoryTest in 0.906 seconds (JVM running for 6.169)
>>>>>>>>> createDate=2020-01-02T20:31:26.501, modifiedDate=2020-01-02T20:31:26.501
]]></system-out>
  <system-err><![CDATA[]]></system-err>
</testsuite>
