<?xml version="1.0" encoding="UTF-8"?>
<testsuite name="sprinboot.web.PostsApiControllerTest" tests="2" skipped="0" failures="0" errors="0" timestamp="2020-01-02T11:31:27" hostname="DESKTOP-DEDM406" time="0.06">
  <properties/>
  <testcase name="Posts_등록된다" classname="sprinboot.web.PostsApiControllerTest" time="0.044"/>
  <testcase name="Posts_수정된다" classname="sprinboot.web.PostsApiControllerTest" time="0.016"/>
  <system-out><![CDATA[2020-01-02 20:31:27.047  INFO 33076 --- [    Test worker] .b.t.c.SpringBootTestContextBootstrapper : Neither @ContextConfiguration nor @ContextHierarchy found for test class [sprinboot.web.PostsApiControllerTest], using SpringBootContextLoader
2020-01-02 20:31:27.047  INFO 33076 --- [    Test worker] o.s.t.c.support.AbstractContextLoader    : Could not detect default resource locations for test class [sprinboot.web.PostsApiControllerTest]: no resource found for suffixes {-context.xml, Context.groovy}.
2020-01-02 20:31:27.047  INFO 33076 --- [    Test worker] t.c.s.AnnotationConfigContextLoaderUtils : Could not detect default configuration classes for test class [sprinboot.web.PostsApiControllerTest]: PostsApiControllerTest does not declare any static, non-private, non-final, nested classes annotated with @Configuration.
2020-01-02 20:31:27.048  INFO 33076 --- [    Test worker] .b.t.c.SpringBootTestContextBootstrapper : Found @SpringBootConfiguration sprinboot.Application for test class sprinboot.web.PostsApiControllerTest
2020-01-02 20:31:27.049  INFO 33076 --- [    Test worker] .b.t.c.SpringBootTestContextBootstrapper : Loaded default TestExecutionListener class names from location [META-INF/spring.factories]: [org.springframework.security.test.context.support.WithSecurityContextTestExecutionListener, org.springframework.security.test.context.support.ReactorContextTestExecutionListener, org.springframework.boot.test.autoconfigure.restdocs.RestDocsTestExecutionListener, org.springframework.boot.test.autoconfigure.web.client.MockRestServiceServerResetTestExecutionListener, org.springframework.boot.test.autoconfigure.web.servlet.MockMvcPrintOnlyOnFailureTestExecutionListener, org.springframework.boot.test.autoconfigure.web.servlet.WebDriverTestExecutionListener, org.springframework.boot.test.mock.mockito.MockitoTestExecutionListener, org.springframework.boot.test.mock.mockito.ResetMocksTestExecutionListener, org.springframework.test.context.web.ServletTestExecutionListener, org.springframework.test.context.support.DirtiesContextBeforeModesTestExecutionListener, org.springframework.test.context.support.DependencyInjectionTestExecutionListener, org.springframework.test.context.support.DirtiesContextTestExecutionListener, org.springframework.test.context.transaction.TransactionalTestExecutionListener, org.springframework.test.context.jdbc.SqlScriptsTestExecutionListener]
2020-01-02 20:31:27.049  INFO 33076 --- [    Test worker] .b.t.c.SpringBootTestContextBootstrapper : Using TestExecutionListeners: [org.springframework.test.context.web.ServletTestExecutionListener@450b4321, org.springframework.test.context.support.DirtiesContextBeforeModesTestExecutionListener@31b7e06a, org.springframework.boot.test.mock.mockito.MockitoTestExecutionListener@52c14645, org.springframework.boot.test.autoconfigure.SpringBootDependencyInjectionTestExecutionListener@1487949c, org.springframework.test.context.support.DirtiesContextTestExecutionListener@b0adf66, org.springframework.test.context.transaction.TransactionalTestExecutionListener@5b0dadd, org.springframework.test.context.jdbc.SqlScriptsTestExecutionListener@5d9b4740, org.springframework.security.test.context.support.WithSecurityContextTestExecutionListener@75100b1b, org.springframework.security.test.context.support.ReactorContextTestExecutionListener@28bc1b30, org.springframework.boot.test.autoconfigure.restdocs.RestDocsTestExecutionListener@2b594ac8, org.springframework.boot.test.autoconfigure.web.client.MockRestServiceServerResetTestExecutionListener@2cffb9a4, org.springframework.boot.test.autoconfigure.web.servlet.MockMvcPrintOnlyOnFailureTestExecutionListener@594237f3, org.springframework.boot.test.autoconfigure.web.servlet.WebDriverTestExecutionListener@11efc270, org.springframework.boot.test.mock.mockito.ResetMocksTestExecutionListener@7081d58f]
2020-01-02 20:31:27.053  INFO 33076 --- [    Test worker] o.a.c.c.C.[Tomcat].[localhost].[/]       : Initializing Spring TestDispatcherServlet ''
2020-01-02 20:31:27.053  INFO 33076 --- [    Test worker] o.s.t.web.servlet.TestDispatcherServlet  : Initializing Servlet ''
2020-01-02 20:31:27.054  INFO 33076 --- [    Test worker] o.s.t.web.servlet.TestDispatcherServlet  : Completed initialization in 1 ms
2020-01-02 20:31:27.096  INFO 33076 --- [    Test worker] o.a.c.c.C.[Tomcat].[localhost].[/]       : Initializing Spring TestDispatcherServlet ''
2020-01-02 20:31:27.097  INFO 33076 --- [    Test worker] o.s.t.web.servlet.TestDispatcherServlet  : Initializing Servlet ''
2020-01-02 20:31:27.098  INFO 33076 --- [    Test worker] o.s.t.web.servlet.TestDispatcherServlet  : Completed initialization in 1 ms
]]></system-out>
  <system-err><![CDATA[]]></system-err>
</testsuite>
