<?xml version="1.0" encoding="UTF-8"?>
<testsuite name="sprinboot.domain.posts.PostsRepositoryTest" tests="2" skipped="0" failures="0" errors="0" timestamp="2020-01-02T07:34:44" hostname="DESKTOP-DEDM406" time="0.23">
  <properties/>
  <testcase name="게시글_저장_불러오기" classname="sprinboot.domain.posts.PostsRepositoryTest" time="0.222"/>
  <testcase name="BaseTimeEntity_등록" classname="sprinboot.domain.posts.PostsRepositoryTest" time="0.008"/>
  <system-out><![CDATA[16:34:40.221 [Test worker] DEBUG org.springframework.test.context.junit4.SpringJUnit4ClassRunner - SpringJUnit4ClassRunner constructor called with [class sprinboot.domain.posts.PostsRepositoryTest]
16:34:40.227 [Test worker] DEBUG org.springframework.test.context.BootstrapUtils - Instantiating CacheAwareContextLoaderDelegate from class [org.springframework.test.context.cache.DefaultCacheAwareContextLoaderDelegate]
16:34:40.233 [Test worker] DEBUG org.springframework.test.context.BootstrapUtils - Instantiating BootstrapContext using constructor [public org.springframework.test.context.support.DefaultBootstrapContext(java.lang.Class,org.springframework.test.context.CacheAwareContextLoaderDelegate)]
16:34:40.245 [Test worker] DEBUG org.springframework.test.context.BootstrapUtils - Instantiating TestContextBootstrapper for test class [sprinboot.domain.posts.PostsRepositoryTest] from class [org.springframework.boot.test.context.SpringBootTestContextBootstrapper]
16:34:40.254 [Test worker] INFO org.springframework.boot.test.context.SpringBootTestContextBootstrapper - Neither @ContextConfiguration nor @ContextHierarchy found for test class [sprinboot.domain.posts.PostsRepositoryTest], using SpringBootContextLoader
16:34:40.257 [Test worker] DEBUG org.springframework.test.context.support.AbstractContextLoader - Did not detect default resource location for test class [sprinboot.domain.posts.PostsRepositoryTest]: class path resource [sprinboot/domain/posts/PostsRepositoryTest-context.xml] does not exist
16:34:40.257 [Test worker] DEBUG org.springframework.test.context.support.AbstractContextLoader - Did not detect default resource location for test class [sprinboot.domain.posts.PostsRepositoryTest]: class path resource [sprinboot/domain/posts/PostsRepositoryTestContext.groovy] does not exist
16:34:40.257 [Test worker] INFO org.springframework.test.context.support.AbstractContextLoader - Could not detect default resource locations for test class [sprinboot.domain.posts.PostsRepositoryTest]: no resource found for suffixes {-context.xml, Context.groovy}.
16:34:40.258 [Test worker] INFO org.springframework.test.context.support.AnnotationConfigContextLoaderUtils - Could not detect default configuration classes for test class [sprinboot.domain.posts.PostsRepositoryTest]: PostsRepositoryTest does not declare any static, non-private, non-final, nested classes annotated with @Configuration.
16:34:40.285 [Test worker] DEBUG org.springframework.test.context.support.ActiveProfilesUtils - Could not find an 'annotation declaring class' for annotation type [org.springframework.test.context.ActiveProfiles] and class [sprinboot.domain.posts.PostsRepositoryTest]
16:34:40.338 [Test worker] DEBUG org.springframework.context.annotation.ClassPathScanningCandidateComponentProvider - Identified candidate component class: file [F:\Downloads\com.tistory.irerin07\build\classes\java\main\sprinboot\Application.class]
16:34:40.339 [Test worker] INFO org.springframework.boot.test.context.SpringBootTestContextBootstrapper - Found @SpringBootConfiguration sprinboot.Application for test class sprinboot.domain.posts.PostsRepositoryTest
16:34:40.408 [Test worker] DEBUG org.springframework.boot.test.context.SpringBootTestContextBootstrapper - @TestExecutionListeners is not present for class [sprinboot.domain.posts.PostsRepositoryTest]: using defaults.
16:34:40.408 [Test worker] INFO org.springframework.boot.test.context.SpringBootTestContextBootstrapper - Loaded default TestExecutionListener class names from location [META-INF/spring.factories]: [org.springframework.security.test.context.support.WithSecurityContextTestExecutionListener, org.springframework.security.test.context.support.ReactorContextTestExecutionListener, org.springframework.boot.test.autoconfigure.restdocs.RestDocsTestExecutionListener, org.springframework.boot.test.autoconfigure.web.client.MockRestServiceServerResetTestExecutionListener, org.springframework.boot.test.autoconfigure.web.servlet.MockMvcPrintOnlyOnFailureTestExecutionListener, org.springframework.boot.test.autoconfigure.web.servlet.WebDriverTestExecutionListener, org.springframework.boot.test.mock.mockito.MockitoTestExecutionListener, org.springframework.boot.test.mock.mockito.ResetMocksTestExecutionListener, org.springframework.test.context.web.ServletTestExecutionListener, org.springframework.test.context.support.DirtiesContextBeforeModesTestExecutionListener, org.springframework.test.context.support.DependencyInjectionTestExecutionListener, org.springframework.test.context.support.DirtiesContextTestExecutionListener, org.springframework.test.context.transaction.TransactionalTestExecutionListener, org.springframework.test.context.jdbc.SqlScriptsTestExecutionListener]
16:34:40.424 [Test worker] INFO org.springframework.boot.test.context.SpringBootTestContextBootstrapper - Using TestExecutionListeners: [org.springframework.test.context.web.ServletTestExecutionListener@764c4d08, org.springframework.test.context.support.DirtiesContextBeforeModesTestExecutionListener@14cd4408, org.springframework.boot.test.mock.mockito.MockitoTestExecutionListener@4fabd701, org.springframework.boot.test.autoconfigure.SpringBootDependencyInjectionTestExecutionListener@45ca0af, org.springframework.test.context.support.DirtiesContextTestExecutionListener@10ec8921, org.springframework.test.context.transaction.TransactionalTestExecutionListener@6e7f7230, org.springframework.test.context.jdbc.SqlScriptsTestExecutionListener@7ffda321, org.springframework.security.test.context.support.WithSecurityContextTestExecutionListener@1e452da9, org.springframework.security.test.context.support.ReactorContextTestExecutionListener@6a141ac1, org.springframework.boot.test.autoconfigure.restdocs.RestDocsTestExecutionListener@7fef0b41, org.springframework.boot.test.autoconfigure.web.client.MockRestServiceServerResetTestExecutionListener@6d994b36, org.springframework.boot.test.autoconfigure.web.servlet.MockMvcPrintOnlyOnFailureTestExecutionListener@5a061b49, org.springframework.boot.test.autoconfigure.web.servlet.WebDriverTestExecutionListener@100ec0da, org.springframework.boot.test.mock.mockito.ResetMocksTestExecutionListener@17bc6499]
16:34:40.425 [Test worker] DEBUG org.springframework.test.annotation.ProfileValueUtils - Retrieved @ProfileValueSourceConfiguration [null] for test class [sprinboot.domain.posts.PostsRepositoryTest]
16:34:40.426 [Test worker] DEBUG org.springframework.test.annotation.ProfileValueUtils - Retrieved ProfileValueSource type [class org.springframework.test.annotation.SystemProfileValueSource] for class [sprinboot.domain.posts.PostsRepositoryTest]
16:34:40.426 [Test worker] DEBUG org.springframework.test.annotation.ProfileValueUtils - Retrieved @ProfileValueSourceConfiguration [null] for test class [sprinboot.domain.posts.PostsRepositoryTest]
16:34:40.426 [Test worker] DEBUG org.springframework.test.annotation.ProfileValueUtils - Retrieved ProfileValueSource type [class org.springframework.test.annotation.SystemProfileValueSource] for class [sprinboot.domain.posts.PostsRepositoryTest]
16:34:40.429 [Test worker] DEBUG org.springframework.test.context.support.AbstractDirtiesContextTestExecutionListener - Before test class: context [DefaultTestContext@59c4f39f testClass = PostsRepositoryTest, testInstance = [null], testMethod = [null], testException = [null], mergedContextConfiguration = [WebMergedContextConfiguration@b849a82 testClass = PostsRepositoryTest, locations = '{}', classes = '{class sprinboot.Application}', contextInitializerClasses = '[]', activeProfiles = '{}', propertySourceLocations = '{}', propertySourceProperties = '{org.springframework.boot.test.context.SpringBootTestContextBootstrapper=true}', contextCustomizers = set[org.springframework.boot.test.autoconfigure.properties.PropertyMappingContextCustomizer@0, org.springframework.boot.test.autoconfigure.web.servlet.WebDriverContextCustomizerFactory$Customizer@bf9e890, org.springframework.boot.test.context.filter.ExcludeFilterContextCustomizer@4b02bd9, org.springframework.boot.test.json.DuplicateJsonObjectContextCustomizerFactory$DuplicateJsonObjectContextCustomizer@2928a23a, org.springframework.boot.test.mock.mockito.MockitoContextCustomizer@0, org.springframework.boot.test.web.client.TestRestTemplateContextCustomizer@1919d873], resourceBasePath = 'src/main/webapp', contextLoader = 'org.springframework.boot.test.context.SpringBootContextLoader', parent = [null]], attributes = map['org.springframework.test.context.web.ServletTestExecutionListener.activateListener' -> true]], class annotated with @DirtiesContext [false] with mode [null].
16:34:40.430 [Test worker] DEBUG org.springframework.test.annotation.ProfileValueUtils - Retrieved @ProfileValueSourceConfiguration [null] for test class [sprinboot.domain.posts.PostsRepositoryTest]
16:34:40.430 [Test worker] DEBUG org.springframework.test.annotation.ProfileValueUtils - Retrieved ProfileValueSource type [class org.springframework.test.annotation.SystemProfileValueSource] for class [sprinboot.domain.posts.PostsRepositoryTest]
16:34:40.443 [Test worker] DEBUG org.springframework.test.context.support.TestPropertySourceUtils - Adding inlined properties to environment: {spring.jmx.enabled=false, org.springframework.boot.test.context.SpringBootTestContextBootstrapper=true, server.port=-1}

  .   ____          _            __ _ _
 /\\ / ___'_ __ _ _(_)_ __  __ _ \ \ \ \
( ( )\___ | '_ | '_| | '_ \/ _` | \ \ \ \
 \\/  ___)| |_)| | | | | || (_| |  ) ) ) )
  '  |____| .__|_| |_|_| |_\__, | / / / /
 =========|_|==============|___/=/_/_/_/
 :: Spring Boot ::        (v2.1.7.RELEASE)

2020-01-02 16:34:40.595  INFO 17660 --- [    Test worker] s.domain.posts.PostsRepositoryTest       : Starting PostsRepositoryTest on DESKTOP-DEDM406 with PID 17660 (started by count in F:\Downloads\com.tistory.irerin07)
2020-01-02 16:34:40.596  INFO 17660 --- [    Test worker] s.domain.posts.PostsRepositoryTest       : No active profile set, falling back to default profiles: default
2020-01-02 16:34:41.158  INFO 17660 --- [    Test worker] .s.d.r.c.RepositoryConfigurationDelegate : Bootstrapping Spring Data repositories in DEFAULT mode.
2020-01-02 16:34:41.209  INFO 17660 --- [    Test worker] .s.d.r.c.RepositoryConfigurationDelegate : Finished Spring Data repository scanning in 46ms. Found 2 repository interfaces.
2020-01-02 16:34:41.512  INFO 17660 --- [    Test worker] trationDelegate$BeanPostProcessorChecker : Bean 'org.springframework.transaction.annotation.ProxyTransactionManagementConfiguration' of type [org.springframework.transaction.annotation.ProxyTransactionManagementConfiguration$$EnhancerBySpringCGLIB$$1c6d3ba5] is not eligible for getting processed by all BeanPostProcessors (for example: not eligible for auto-proxying)
2020-01-02 16:34:41.682  INFO 17660 --- [    Test worker] com.zaxxer.hikari.HikariDataSource       : HikariPool-1 - Starting...
2020-01-02 16:34:41.798  INFO 17660 --- [    Test worker] com.zaxxer.hikari.HikariDataSource       : HikariPool-1 - Start completed.
2020-01-02 16:34:41.858  INFO 17660 --- [    Test worker] o.hibernate.jpa.internal.util.LogHelper  : HHH000204: Processing PersistenceUnitInfo [
	name: default
	...]
2020-01-02 16:34:41.910  INFO 17660 --- [    Test worker] org.hibernate.Version                    : HHH000412: Hibernate Core {5.3.10.Final}
2020-01-02 16:34:41.911  INFO 17660 --- [    Test worker] org.hibernate.cfg.Environment            : HHH000206: hibernate.properties not found
2020-01-02 16:34:42.023  INFO 17660 --- [    Test worker] o.hibernate.annotations.common.Version   : HCANN000001: Hibernate Commons Annotations {5.0.4.Final}
2020-01-02 16:34:42.133  INFO 17660 --- [    Test worker] org.hibernate.dialect.Dialect            : HHH000400: Using dialect: org.hibernate.dialect.MySQL5InnoDBDialect
2020-01-02 16:34:42.632  INFO 17660 --- [    Test worker] o.h.t.schema.internal.SchemaCreatorImpl  : HHH000476: Executing import script 'org.hibernate.tool.schema.internal.exec.ScriptSourceInputNonExistentImpl@1685bc62'
2020-01-02 16:34:42.634  INFO 17660 --- [    Test worker] j.LocalContainerEntityManagerFactoryBean : Initialized JPA EntityManagerFactory for persistence unit 'default'
2020-01-02 16:34:43.052  INFO 17660 --- [    Test worker] o.h.h.i.QueryTranslatorFactoryInitiator  : HHH000397: Using ASTQueryTranslatorFactory
2020-01-02 16:34:43.533  INFO 17660 --- [    Test worker] o.s.s.web.DefaultSecurityFilterChain     : Creating filter chain: any request, [org.springframework.security.web.context.request.async.WebAsyncManagerIntegrationFilter@87b9b06, org.springframework.security.web.context.SecurityContextPersistenceFilter@2d8325c5, org.springframework.security.web.header.HeaderWriterFilter@63b35c29, org.springframework.security.web.authentication.logout.LogoutFilter@751c49cf, org.springframework.security.oauth2.client.web.OAuth2AuthorizationRequestRedirectFilter@5cf2bc5b, org.springframework.security.oauth2.client.web.OAuth2LoginAuthenticationFilter@11ed7ad3, org.springframework.security.web.authentication.ui.DefaultLoginPageGeneratingFilter@203d8d3, org.springframework.security.web.authentication.ui.DefaultLogoutPageGeneratingFilter@61b87a57, org.springframework.security.web.savedrequest.RequestCacheAwareFilter@57b6b52, org.springframework.security.web.servletapi.SecurityContextHolderAwareRequestFilter@410002bd, org.springframework.security.web.authentication.AnonymousAuthenticationFilter@371a16ea, org.springframework.security.web.session.SessionManagementFilter@184e1aa6, org.springframework.security.web.access.ExceptionTranslationFilter@516afab3, org.springframework.security.web.access.intercept.FilterSecurityInterceptor@2c8f0628]
2020-01-02 16:34:43.959  INFO 17660 --- [    Test worker] o.s.s.concurrent.ThreadPoolTaskExecutor  : Initializing ExecutorService 'applicationTaskExecutor'
2020-01-02 16:34:44.006  WARN 17660 --- [    Test worker] aWebConfiguration$JpaWebMvcConfiguration : spring.jpa.open-in-view is enabled by default. Therefore, database queries may be performed during view rendering. Explicitly configure spring.jpa.open-in-view to disable this warning
2020-01-02 16:34:44.050  INFO 17660 --- [    Test worker] o.s.b.a.w.s.WelcomePageHandlerMapping    : Adding welcome page template: index
2020-01-02 16:34:44.426  INFO 17660 --- [    Test worker] s.a.ScheduledAnnotationBeanPostProcessor : No TaskScheduler/ScheduledExecutorService bean found for scheduled processing
2020-01-02 16:34:44.434  INFO 17660 --- [    Test worker] s.domain.posts.PostsRepositoryTest       : Started PostsRepositoryTest in 3.985 seconds (JVM running for 4.682)
>>>>>>>>> createDate=2020-01-02T16:34:44.675, modifiedDate=2020-01-02T16:34:44.675
]]></system-out>
  <system-err><![CDATA[]]></system-err>
</testsuite>
