<?xml version="1.0" encoding="UTF-8"?>
<testsuite name="sprinboot.web.HelloControllerTest" tests="2" skipped="0" failures="0" errors="0" timestamp="2020-01-02T11:31:26" hostname="DESKTOP-DEDM406" time="0.047">
  <properties/>
  <testcase name="hello가_리턴된다" classname="sprinboot.web.HelloControllerTest" time="0.017"/>
  <testcase name="helloDto가_리턴된다" classname="sprinboot.web.HelloControllerTest" time="0.029"/>
  <system-out><![CDATA[2020-01-02 20:31:26.511  INFO 33076 --- [    Test worker] .b.t.a.w.s.WebMvcTestContextBootstrapper : Neither @ContextConfiguration nor @ContextHierarchy found for test class [sprinboot.web.HelloControllerTest], using SpringBootContextLoader
2020-01-02 20:31:26.511  INFO 33076 --- [    Test worker] o.s.t.c.support.AbstractContextLoader    : Could not detect default resource locations for test class [sprinboot.web.HelloControllerTest]: no resource found for suffixes {-context.xml, Context.groovy}.
2020-01-02 20:31:26.511  INFO 33076 --- [    Test worker] t.c.s.AnnotationConfigContextLoaderUtils : Could not detect default configuration classes for test class [sprinboot.web.HelloControllerTest]: HelloControllerTest does not declare any static, non-private, non-final, nested classes annotated with @Configuration.
2020-01-02 20:31:26.523  INFO 33076 --- [    Test worker] .b.t.c.SpringBootTestContextBootstrapper : Found @SpringBootConfiguration sprinboot.Application for test class sprinboot.web.HelloControllerTest
2020-01-02 20:31:26.523  INFO 33076 --- [    Test worker] .b.t.a.w.s.WebMvcTestContextBootstrapper : Loaded default TestExecutionListener class names from location [META-INF/spring.factories]: [org.springframework.security.test.context.support.WithSecurityContextTestExecutionListener, org.springframework.security.test.context.support.ReactorContextTestExecutionListener, org.springframework.boot.test.autoconfigure.restdocs.RestDocsTestExecutionListener, org.springframework.boot.test.autoconfigure.web.client.MockRestServiceServerResetTestExecutionListener, org.springframework.boot.test.autoconfigure.web.servlet.MockMvcPrintOnlyOnFailureTestExecutionListener, org.springframework.boot.test.autoconfigure.web.servlet.WebDriverTestExecutionListener, org.springframework.boot.test.mock.mockito.MockitoTestExecutionListener, org.springframework.boot.test.mock.mockito.ResetMocksTestExecutionListener, org.springframework.test.context.web.ServletTestExecutionListener, org.springframework.test.context.support.DirtiesContextBeforeModesTestExecutionListener, org.springframework.test.context.support.DependencyInjectionTestExecutionListener, org.springframework.test.context.support.DirtiesContextTestExecutionListener, org.springframework.test.context.transaction.TransactionalTestExecutionListener, org.springframework.test.context.jdbc.SqlScriptsTestExecutionListener]
2020-01-02 20:31:26.524  INFO 33076 --- [    Test worker] .b.t.a.w.s.WebMvcTestContextBootstrapper : Using TestExecutionListeners: [org.springframework.test.context.web.ServletTestExecutionListener@76141f1b, org.springframework.test.context.support.DirtiesContextBeforeModesTestExecutionListener@212724da, org.springframework.boot.test.mock.mockito.MockitoTestExecutionListener@55050e8b, org.springframework.boot.test.autoconfigure.SpringBootDependencyInjectionTestExecutionListener@bca3b64, org.springframework.test.context.support.DirtiesContextTestExecutionListener@5d7001c1, org.springframework.test.context.transaction.TransactionalTestExecutionListener@4569ef41, org.springframework.test.context.jdbc.SqlScriptsTestExecutionListener@38e5d031, org.springframework.security.test.context.support.WithSecurityContextTestExecutionListener@622edd52, org.springframework.security.test.context.support.ReactorContextTestExecutionListener@3f0db6df, org.springframework.boot.test.autoconfigure.restdocs.RestDocsTestExecutionListener@35945598, org.springframework.boot.test.autoconfigure.web.client.MockRestServiceServerResetTestExecutionListener@23e66f43, org.springframework.boot.test.autoconfigure.web.servlet.MockMvcPrintOnlyOnFailureTestExecutionListener@37b6e220, org.springframework.boot.test.autoconfigure.web.servlet.WebDriverTestExecutionListener@65df0147, org.springframework.boot.test.mock.mockito.ResetMocksTestExecutionListener@7270a0f1]

  .   ____          _            __ _ _
 /\\ / ___'_ __ _ _(_)_ __  __ _ \ \ \ \
( ( )\___ | '_ | '_| | '_ \/ _` | \ \ \ \
 \\/  ___)| |_)| | | | | || (_| |  ) ) ) )
  '  |____| .__|_| |_|_| |_\__, | / / / /
 =========|_|==============|___/=/_/_/_/
 :: Spring Boot ::        (v2.1.7.RELEASE)

2020-01-02 20:31:26.537  INFO 33076 --- [    Test worker] sprinboot.web.HelloControllerTest        : Starting HelloControllerTest on DESKTOP-DEDM406 with PID 33076 (started by count in F:\Downloads\com.tistory.irerin07)
2020-01-02 20:31:26.537  INFO 33076 --- [    Test worker] sprinboot.web.HelloControllerTest        : No active profile set, falling back to default profiles: default
2020-01-02 20:31:26.742  INFO 33076 --- [    Test worker] o.s.s.concurrent.ThreadPoolTaskExecutor  : Initializing ExecutorService 'applicationTaskExecutor'
2020-01-02 20:31:26.757  INFO 33076 --- [    Test worker] o.s.b.a.w.s.WelcomePageHandlerMapping    : Adding welcome page template: index
2020-01-02 20:31:26.849  INFO 33076 --- [    Test worker] .s.s.UserDetailsServiceAutoConfiguration : 

Using generated security password: 9ffb5eec-6c9e-4103-85b9-58fdebec6a76

2020-01-02 20:31:26.915  INFO 33076 --- [    Test worker] o.s.s.web.DefaultSecurityFilterChain     : Creating filter chain: any request, [org.springframework.security.web.context.request.async.WebAsyncManagerIntegrationFilter@6b3a7d77, org.springframework.security.web.context.SecurityContextPersistenceFilter@700f67bc, org.springframework.security.web.header.HeaderWriterFilter@1e649c4b, org.springframework.security.web.csrf.CsrfFilter@6379b1ed, org.springframework.security.web.authentication.logout.LogoutFilter@35a51d3e, org.springframework.security.web.authentication.UsernamePasswordAuthenticationFilter@6b791ca9, org.springframework.security.web.authentication.ui.DefaultLoginPageGeneratingFilter@66650a07, org.springframework.security.web.authentication.ui.DefaultLogoutPageGeneratingFilter@1a355ac5, org.springframework.security.web.authentication.www.BasicAuthenticationFilter@4a5108f, org.springframework.security.web.savedrequest.RequestCacheAwareFilter@9355e44, org.springframework.security.web.servletapi.SecurityContextHolderAwareRequestFilter@33891ded, org.springframework.security.web.authentication.AnonymousAuthenticationFilter@36b80064, org.springframework.security.web.session.SessionManagementFilter@30bcb0b3, org.springframework.security.web.access.ExceptionTranslationFilter@61a30c1d, org.springframework.security.web.access.intercept.FilterSecurityInterceptor@60c9dffb]
2020-01-02 20:31:26.926  INFO 33076 --- [    Test worker] o.s.b.t.m.w.SpringBootMockServletContext : Initializing Spring TestDispatcherServlet ''
2020-01-02 20:31:26.927  INFO 33076 --- [    Test worker] o.s.t.web.servlet.TestDispatcherServlet  : Initializing Servlet ''
2020-01-02 20:31:26.933  INFO 33076 --- [    Test worker] o.s.t.web.servlet.TestDispatcherServlet  : Completed initialization in 6 ms
2020-01-02 20:31:26.948  INFO 33076 --- [    Test worker] sprinboot.web.HelloControllerTest        : Started HelloControllerTest in 0.423 seconds (JVM running for 6.71)
]]></system-out>
  <system-err><![CDATA[]]></system-err>
</testsuite>
